2022-05-22 19:54:16.657  INFO   --- [           main] .b.t.c.SpringBootTestContextBootstrapper : Neither @ContextConfiguration nor @ContextHierarchy found for test class [com.ssafy.happyhouse.VueBackendApplicationTests], using SpringBootContextLoader
2022-05-22 19:54:16.664  INFO   --- [           main] o.s.t.c.support.AbstractContextLoader    : Could not detect default resource locations for test class [com.ssafy.happyhouse.VueBackendApplicationTests]: no resource found for suffixes {-context.xml, Context.groovy}.
2022-05-22 19:54:16.665  INFO   --- [           main] t.c.s.AnnotationConfigContextLoaderUtils : Could not detect default configuration classes for test class [com.ssafy.happyhouse.VueBackendApplicationTests]: VueBackendApplicationTests does not declare any static, non-private, non-final, nested classes annotated with @Configuration.
2022-05-22 19:54:16.724  INFO   --- [           main] .b.t.c.SpringBootTestContextBootstrapper : Found @SpringBootConfiguration com.ssafy.happyhouse.VueBackendApplication for test class com.ssafy.happyhouse.VueBackendApplicationTests
2022-05-22 19:54:16.785  INFO   --- [           main] .b.t.c.SpringBootTestContextBootstrapper : Loaded default TestExecutionListener class names from location [META-INF/spring.factories]: [org.springframework.boot.test.mock.mockito.MockitoTestExecutionListener, org.springframework.boot.test.mock.mockito.ResetMocksTestExecutionListener, org.springframework.boot.test.autoconfigure.restdocs.RestDocsTestExecutionListener, org.springframework.boot.test.autoconfigure.web.client.MockRestServiceServerResetTestExecutionListener, org.springframework.boot.test.autoconfigure.web.servlet.MockMvcPrintOnlyOnFailureTestExecutionListener, org.springframework.boot.test.autoconfigure.web.servlet.WebDriverTestExecutionListener, org.springframework.boot.test.autoconfigure.webservices.client.MockWebServiceServerTestExecutionListener, org.springframework.test.context.web.ServletTestExecutionListener, org.springframework.test.context.support.DirtiesContextBeforeModesTestExecutionListener, org.springframework.test.context.event.ApplicationEventsTestExecutionListener, org.springframework.test.context.support.DependencyInjectionTestExecutionListener, org.springframework.test.context.support.DirtiesContextTestExecutionListener, org.springframework.test.context.transaction.TransactionalTestExecutionListener, org.springframework.test.context.jdbc.SqlScriptsTestExecutionListener, org.springframework.test.context.event.EventPublishingTestExecutionListener]
2022-05-22 19:54:16.795  INFO   --- [           main] .b.t.c.SpringBootTestContextBootstrapper : Using TestExecutionListeners: [org.springframework.test.context.web.ServletTestExecutionListener@4bc222e, org.springframework.test.context.support.DirtiesContextBeforeModesTestExecutionListener@2dc9b0f5, org.springframework.test.context.event.ApplicationEventsTestExecutionListener@6531a794, org.springframework.boot.test.mock.mockito.MockitoTestExecutionListener@3b5fad2d, org.springframework.boot.test.autoconfigure.SpringBootDependencyInjectionTestExecutionListener@5e17553a, org.springframework.test.context.support.DirtiesContextTestExecutionListener@3eb91815, org.springframework.test.context.transaction.TransactionalTestExecutionListener@56dc1551, org.springframework.test.context.jdbc.SqlScriptsTestExecutionListener@102cec62, org.springframework.test.context.event.EventPublishingTestExecutionListener@74f6c5d8, org.springframework.boot.test.mock.mockito.ResetMocksTestExecutionListener@27912e3, org.springframework.boot.test.autoconfigure.restdocs.RestDocsTestExecutionListener@34b9f960, org.springframework.boot.test.autoconfigure.web.client.MockRestServiceServerResetTestExecutionListener@43015c69, org.springframework.boot.test.autoconfigure.web.servlet.MockMvcPrintOnlyOnFailureTestExecutionListener@19b89d4, org.springframework.boot.test.autoconfigure.web.servlet.WebDriverTestExecutionListener@4bbf6d0e, org.springframework.boot.test.autoconfigure.webservices.client.MockWebServiceServerTestExecutionListener@30b6ffe0]
2022-05-22 19:54:16.993  WARN 13912 --- [           main] ory$DuplicateJsonObjectContextCustomizer : 

Found multiple occurrences of org.json.JSONObject on the class path:

	jar:file:/C:/Users/%eb%b0%95%ec%9c%a4%ec%a7%84/.m2/repository/com/vaadin/external/google/android-json/0.0.20131108.vaadin1/android-json-0.0.20131108.vaadin1.jar!/org/json/JSONObject.class
	jar:file:/C:/Users/%eb%b0%95%ec%9c%a4%ec%a7%84/.m2/repository/org/json/json/20220320/json-20220320.jar!/org/json/JSONObject.class

You may wish to exclude one of them to ensure predictable runtime behavior

2022-05-22 19:54:17.511  WARN 13912 --- [           main] o.m.s.mapper.ClassPathMapperScanner      : No MyBatis mapper was found in '[com.ssafy.happyhouse]' package. Please check your configuration.
2022-05-22 19:54:18.924  INFO 13912 --- [           main] .b.t.c.SpringBootTestContextBootstrapper : Neither @ContextConfiguration nor @ContextHierarchy found for test class [com.ssafy.vue.QNATest], using SpringBootContextLoader
2022-05-22 19:54:18.924  INFO 13912 --- [           main] o.s.t.c.support.AbstractContextLoader    : Could not detect default resource locations for test class [com.ssafy.vue.QNATest]: no resource found for suffixes {-context.xml, Context.groovy}.
2022-05-22 19:54:18.924  INFO 13912 --- [           main] t.c.s.AnnotationConfigContextLoaderUtils : Could not detect default configuration classes for test class [com.ssafy.vue.QNATest]: QNATest does not declare any static, non-private, non-final, nested classes annotated with @Configuration.
2022-05-22 19:54:18.926  INFO 13912 --- [           main] .b.t.c.SpringBootTestContextBootstrapper : Found @SpringBootConfiguration com.ssafy.vue.VueApiApplication for test class com.ssafy.vue.QNATest
2022-05-22 19:54:18.928  INFO 13912 --- [           main] .b.t.c.SpringBootTestContextBootstrapper : Loaded default TestExecutionListener class names from location [META-INF/spring.factories]: [org.springframework.boot.test.mock.mockito.MockitoTestExecutionListener, org.springframework.boot.test.mock.mockito.ResetMocksTestExecutionListener, org.springframework.boot.test.autoconfigure.restdocs.RestDocsTestExecutionListener, org.springframework.boot.test.autoconfigure.web.client.MockRestServiceServerResetTestExecutionListener, org.springframework.boot.test.autoconfigure.web.servlet.MockMvcPrintOnlyOnFailureTestExecutionListener, org.springframework.boot.test.autoconfigure.web.servlet.WebDriverTestExecutionListener, org.springframework.boot.test.autoconfigure.webservices.client.MockWebServiceServerTestExecutionListener, org.springframework.test.context.web.ServletTestExecutionListener, org.springframework.test.context.support.DirtiesContextBeforeModesTestExecutionListener, org.springframework.test.context.event.ApplicationEventsTestExecutionListener, org.springframework.test.context.support.DependencyInjectionTestExecutionListener, org.springframework.test.context.support.DirtiesContextTestExecutionListener, org.springframework.test.context.transaction.TransactionalTestExecutionListener, org.springframework.test.context.jdbc.SqlScriptsTestExecutionListener, org.springframework.test.context.event.EventPublishingTestExecutionListener]
2022-05-22 19:54:18.928  INFO 13912 --- [           main] .b.t.c.SpringBootTestContextBootstrapper : Using TestExecutionListeners: [org.springframework.test.context.web.ServletTestExecutionListener@526f6427, org.springframework.test.context.support.DirtiesContextBeforeModesTestExecutionListener@4f1afe8f, org.springframework.test.context.event.ApplicationEventsTestExecutionListener@492521c4, org.springframework.boot.test.mock.mockito.MockitoTestExecutionListener@443a06ad, org.springframework.boot.test.autoconfigure.SpringBootDependencyInjectionTestExecutionListener@6ddd1c51, org.springframework.test.context.support.DirtiesContextTestExecutionListener@752b69e3, org.springframework.test.context.transaction.TransactionalTestExecutionListener@15605d83, org.springframework.test.context.jdbc.SqlScriptsTestExecutionListener@1fb2eec, org.springframework.test.context.event.EventPublishingTestExecutionListener@4c18516, org.springframework.boot.test.mock.mockito.ResetMocksTestExecutionListener@2a0b901c, org.springframework.boot.test.autoconfigure.restdocs.RestDocsTestExecutionListener@3d104c9b, org.springframework.boot.test.autoconfigure.web.client.MockRestServiceServerResetTestExecutionListener@6544899b, org.springframework.boot.test.autoconfigure.web.servlet.MockMvcPrintOnlyOnFailureTestExecutionListener@6da54910, org.springframework.boot.test.autoconfigure.web.servlet.WebDriverTestExecutionListener@1bd8afc8, org.springframework.boot.test.autoconfigure.webservices.client.MockWebServiceServerTestExecutionListener@24134cbc]
2022-05-22 19:54:18.941  WARN 13912 --- [           main] ory$DuplicateJsonObjectContextCustomizer : 

Found multiple occurrences of org.json.JSONObject on the class path:

	jar:file:/C:/Users/%eb%b0%95%ec%9c%a4%ec%a7%84/.m2/repository/com/vaadin/external/google/android-json/0.0.20131108.vaadin1/android-json-0.0.20131108.vaadin1.jar!/org/json/JSONObject.class
	jar:file:/C:/Users/%eb%b0%95%ec%9c%a4%ec%a7%84/.m2/repository/org/json/json/20220320/json-20220320.jar!/org/json/JSONObject.class

You may wish to exclude one of them to ensure predictable runtime behavior

2022-05-22 19:54:19.911  INFO 13912 --- [           main] o.s.t.c.transaction.TransactionContext   : Began transaction (1) for test context [DefaultTestContext@213835b6 testClass = QNATest, testInstance = com.ssafy.vue.QNATest@24a3d414, testMethod = selectOpenQNAByTitleTest@QNATest, testException = [null], mergedContextConfiguration = [WebMergedContextConfiguration@37e55819 testClass = QNATest, locations = '{}', classes = '{class com.ssafy.vue.VueApiApplication}', contextInitializerClasses = '[]', activeProfiles = '{}', propertySourceLocations = '{}', propertySourceProperties = '{org.springframework.boot.test.context.SpringBootTestContextBootstrapper=true}', contextCustomizers = set[org.springframework.boot.test.context.filter.ExcludeFilterContextCustomizer@76ed1b7c, org.springframework.boot.test.json.DuplicateJsonObjectContextCustomizerFactory$DuplicateJsonObjectContextCustomizer@6236eb5f, org.springframework.boot.test.mock.mockito.MockitoContextCustomizer@0, org.springframework.boot.test.web.client.TestRestTemplateContextCustomizer@574b560f, org.springframework.boot.test.autoconfigure.actuate.metrics.MetricsExportContextCustomizerFactory$DisableMetricExportContextCustomizer@236e3f4e, org.springframework.boot.test.autoconfigure.properties.PropertyMappingContextCustomizer@0, org.springframework.boot.test.autoconfigure.web.servlet.WebDriverContextCustomizerFactory$Customizer@2cdd0d4b, org.springframework.boot.test.context.SpringBootTestArgs@1, org.springframework.boot.test.context.SpringBootTestWebEnvironment@7823a2f9], resourceBasePath = 'src/main/webapp', contextLoader = 'org.springframework.boot.test.context.SpringBootContextLoader', parent = [null]], attributes = map['org.springframework.test.context.web.ServletTestExecutionListener.activateListener' -> true, 'org.springframework.test.context.web.ServletTestExecutionListener.populatedRequestContextHolder' -> true, 'org.springframework.test.context.web.ServletTestExecutionListener.resetRequestContextHolder' -> true, 'org.springframework.test.context.event.ApplicationEventsTestExecutionListener.recordApplicationEvents' -> false]]; transaction manager [org.springframework.jdbc.support.JdbcTransactionManager@2bdcfcf]; rollback [true]
2022-05-22 19:54:19.922  INFO 13912 --- [           main] o.s.t.c.transaction.TransactionContext   : Rolled back transaction for test: [DefaultTestContext@213835b6 testClass = QNATest, testInstance = com.ssafy.vue.QNATest@24a3d414, testMethod = selectOpenQNAByTitleTest@QNATest, testException = org.junit.jupiter.api.extension.ParameterResolutionException: No ParameterResolver registered for parameter [java.lang.String query] in method [public void com.ssafy.vue.QNATest.selectOpenQNAByTitleTest(java.lang.String) throws java.lang.Exception]., mergedContextConfiguration = [WebMergedContextConfiguration@37e55819 testClass = QNATest, locations = '{}', classes = '{class com.ssafy.vue.VueApiApplication}', contextInitializerClasses = '[]', activeProfiles = '{}', propertySourceLocations = '{}', propertySourceProperties = '{org.springframework.boot.test.context.SpringBootTestContextBootstrapper=true}', contextCustomizers = set[org.springframework.boot.test.context.filter.ExcludeFilterContextCustomizer@76ed1b7c, org.springframework.boot.test.json.DuplicateJsonObjectContextCustomizerFactory$DuplicateJsonObjectContextCustomizer@6236eb5f, org.springframework.boot.test.mock.mockito.MockitoContextCustomizer@0, org.springframework.boot.test.web.client.TestRestTemplateContextCustomizer@574b560f, org.springframework.boot.test.autoconfigure.actuate.metrics.MetricsExportContextCustomizerFactory$DisableMetricExportContextCustomizer@236e3f4e, org.springframework.boot.test.autoconfigure.properties.PropertyMappingContextCustomizer@0, org.springframework.boot.test.autoconfigure.web.servlet.WebDriverContextCustomizerFactory$Customizer@2cdd0d4b, org.springframework.boot.test.context.SpringBootTestArgs@1, org.springframework.boot.test.context.SpringBootTestWebEnvironment@7823a2f9], resourceBasePath = 'src/main/webapp', contextLoader = 'org.springframework.boot.test.context.SpringBootContextLoader', parent = [null]], attributes = map['org.springframework.test.context.web.ServletTestExecutionListener.activateListener' -> true, 'org.springframework.test.context.web.ServletTestExecutionListener.populatedRequestContextHolder' -> true, 'org.springframework.test.context.web.ServletTestExecutionListener.resetRequestContextHolder' -> true, 'org.springframework.test.context.event.ApplicationEventsTestExecutionListener.recordApplicationEvents' -> false]]
2022-05-22 19:54:19.926  INFO 13912 --- [           main] .b.t.c.SpringBootTestContextBootstrapper : Neither @ContextConfiguration nor @ContextHierarchy found for test class [com.ssafy.vue.Ws04272ApplicationTests], using SpringBootContextLoader
2022-05-22 19:54:19.927  INFO 13912 --- [           main] o.s.t.c.support.AbstractContextLoader    : Could not detect default resource locations for test class [com.ssafy.vue.Ws04272ApplicationTests]: no resource found for suffixes {-context.xml, Context.groovy}.
2022-05-22 19:54:19.927  INFO 13912 --- [           main] t.c.s.AnnotationConfigContextLoaderUtils : Could not detect default configuration classes for test class [com.ssafy.vue.Ws04272ApplicationTests]: Ws04272ApplicationTests does not declare any static, non-private, non-final, nested classes annotated with @Configuration.
2022-05-22 19:54:19.928  INFO 13912 --- [           main] .b.t.c.SpringBootTestContextBootstrapper : Found @SpringBootConfiguration com.ssafy.vue.VueApiApplication for test class com.ssafy.vue.Ws04272ApplicationTests
2022-05-22 19:54:19.929  INFO 13912 --- [           main] .b.t.c.SpringBootTestContextBootstrapper : Loaded default TestExecutionListener class names from location [META-INF/spring.factories]: [org.springframework.boot.test.mock.mockito.MockitoTestExecutionListener, org.springframework.boot.test.mock.mockito.ResetMocksTestExecutionListener, org.springframework.boot.test.autoconfigure.restdocs.RestDocsTestExecutionListener, org.springframework.boot.test.autoconfigure.web.client.MockRestServiceServerResetTestExecutionListener, org.springframework.boot.test.autoconfigure.web.servlet.MockMvcPrintOnlyOnFailureTestExecutionListener, org.springframework.boot.test.autoconfigure.web.servlet.WebDriverTestExecutionListener, org.springframework.boot.test.autoconfigure.webservices.client.MockWebServiceServerTestExecutionListener, org.springframework.test.context.web.ServletTestExecutionListener, org.springframework.test.context.support.DirtiesContextBeforeModesTestExecutionListener, org.springframework.test.context.event.ApplicationEventsTestExecutionListener, org.springframework.test.context.support.DependencyInjectionTestExecutionListener, org.springframework.test.context.support.DirtiesContextTestExecutionListener, org.springframework.test.context.transaction.TransactionalTestExecutionListener, org.springframework.test.context.jdbc.SqlScriptsTestExecutionListener, org.springframework.test.context.event.EventPublishingTestExecutionListener]
2022-05-22 19:54:19.930  INFO 13912 --- [           main] .b.t.c.SpringBootTestContextBootstrapper : Using TestExecutionListeners: [org.springframework.test.context.web.ServletTestExecutionListener@1f9a7684, org.springframework.test.context.support.DirtiesContextBeforeModesTestExecutionListener@3b30eec5, org.springframework.test.context.event.ApplicationEventsTestExecutionListener@43755e2f, org.springframework.boot.test.mock.mockito.MockitoTestExecutionListener@3d71e10b, org.springframework.boot.test.autoconfigure.SpringBootDependencyInjectionTestExecutionListener@71139e77, org.springframework.test.context.support.DirtiesContextTestExecutionListener@4de91056, org.springframework.test.context.transaction.TransactionalTestExecutionListener@2404abe2, org.springframework.test.context.jdbc.SqlScriptsTestExecutionListener@16cf7fd0, org.springframework.test.context.event.EventPublishingTestExecutionListener@7bc2bb58, org.springframework.boot.test.mock.mockito.ResetMocksTestExecutionListener@7e2c6fd6, org.springframework.boot.test.autoconfigure.restdocs.RestDocsTestExecutionListener@7ff6804a, org.springframework.boot.test.autoconfigure.web.client.MockRestServiceServerResetTestExecutionListener@12aa519b, org.springframework.boot.test.autoconfigure.web.servlet.MockMvcPrintOnlyOnFailureTestExecutionListener@7c5c20ed, org.springframework.boot.test.autoconfigure.web.servlet.WebDriverTestExecutionListener@6113a26f, org.springframework.boot.test.autoconfigure.webservices.client.MockWebServiceServerTestExecutionListener@2aac8ad7]
2022-05-22 19:54:19.945  INFO 13912 --- [           main] .b.t.c.SpringBootTestContextBootstrapper : Neither @ContextConfiguration nor @ContextHierarchy found for test class [com.ssafy.vue.VueApiApplicationTests], using SpringBootContextLoader
2022-05-22 19:54:19.946  INFO 13912 --- [           main] o.s.t.c.support.AbstractContextLoader    : Could not detect default resource locations for test class [com.ssafy.vue.VueApiApplicationTests]: no resource found for suffixes {-context.xml, Context.groovy}.
2022-05-22 19:54:19.946  INFO 13912 --- [           main] t.c.s.AnnotationConfigContextLoaderUtils : Could not detect default configuration classes for test class [com.ssafy.vue.VueApiApplicationTests]: VueApiApplicationTests does not declare any static, non-private, non-final, nested classes annotated with @Configuration.
2022-05-22 19:54:19.946  INFO 13912 --- [           main] .b.t.c.SpringBootTestContextBootstrapper : Found @SpringBootConfiguration com.ssafy.vue.VueApiApplication for test class com.ssafy.vue.VueApiApplicationTests
2022-05-22 19:54:19.947  INFO 13912 --- [           main] .b.t.c.SpringBootTestContextBootstrapper : Loaded default TestExecutionListener class names from location [META-INF/spring.factories]: [org.springframework.boot.test.mock.mockito.MockitoTestExecutionListener, org.springframework.boot.test.mock.mockito.ResetMocksTestExecutionListener, org.springframework.boot.test.autoconfigure.restdocs.RestDocsTestExecutionListener, org.springframework.boot.test.autoconfigure.web.client.MockRestServiceServerResetTestExecutionListener, org.springframework.boot.test.autoconfigure.web.servlet.MockMvcPrintOnlyOnFailureTestExecutionListener, org.springframework.boot.test.autoconfigure.web.servlet.WebDriverTestExecutionListener, org.springframework.boot.test.autoconfigure.webservices.client.MockWebServiceServerTestExecutionListener, org.springframework.test.context.web.ServletTestExecutionListener, org.springframework.test.context.support.DirtiesContextBeforeModesTestExecutionListener, org.springframework.test.context.event.ApplicationEventsTestExecutionListener, org.springframework.test.context.support.DependencyInjectionTestExecutionListener, org.springframework.test.context.support.DirtiesContextTestExecutionListener, org.springframework.test.context.transaction.TransactionalTestExecutionListener, org.springframework.test.context.jdbc.SqlScriptsTestExecutionListener, org.springframework.test.context.event.EventPublishingTestExecutionListener]
2022-05-22 19:54:19.947  INFO 13912 --- [           main] .b.t.c.SpringBootTestContextBootstrapper : Using TestExecutionListeners: [org.springframework.test.context.web.ServletTestExecutionListener@6a4a2090, org.springframework.test.context.support.DirtiesContextBeforeModesTestExecutionListener@778c2e7c, org.springframework.test.context.event.ApplicationEventsTestExecutionListener@b70fa38, org.springframework.boot.test.mock.mockito.MockitoTestExecutionListener@45c423b3, org.springframework.boot.test.autoconfigure.SpringBootDependencyInjectionTestExecutionListener@7e31d53b, org.springframework.test.context.support.DirtiesContextTestExecutionListener@68d8eb4f, org.springframework.test.context.transaction.TransactionalTestExecutionListener@64757d56, org.springframework.test.context.jdbc.SqlScriptsTestExecutionListener@4813d0, org.springframework.test.context.event.EventPublishingTestExecutionListener@702096ef, org.springframework.boot.test.mock.mockito.ResetMocksTestExecutionListener@5f0d8937, org.springframework.boot.test.autoconfigure.restdocs.RestDocsTestExecutionListener@105dc04d, org.springframework.boot.test.autoconfigure.web.client.MockRestServiceServerResetTestExecutionListener@504b8705, org.springframework.boot.test.autoconfigure.web.servlet.MockMvcPrintOnlyOnFailureTestExecutionListener@24a8e40d, org.springframework.boot.test.autoconfigure.web.servlet.WebDriverTestExecutionListener@175f859e, org.springframework.boot.test.autoconfigure.webservices.client.MockWebServiceServerTestExecutionListener@69fe7090]
2022-05-22 19:56:03.976  INFO   --- [           main] .b.t.c.SpringBootTestContextBootstrapper : Neither @ContextConfiguration nor @ContextHierarchy found for test class [com.ssafy.happyhouse.VueBackendApplicationTests], using SpringBootContextLoader
2022-05-22 19:56:03.980  INFO   --- [           main] o.s.t.c.support.AbstractContextLoader    : Could not detect default resource locations for test class [com.ssafy.happyhouse.VueBackendApplicationTests]: no resource found for suffixes {-context.xml, Context.groovy}.
2022-05-22 19:56:03.981  INFO   --- [           main] t.c.s.AnnotationConfigContextLoaderUtils : Could not detect default configuration classes for test class [com.ssafy.happyhouse.VueBackendApplicationTests]: VueBackendApplicationTests does not declare any static, non-private, non-final, nested classes annotated with @Configuration.
2022-05-22 19:56:04.042  INFO   --- [           main] .b.t.c.SpringBootTestContextBootstrapper : Found @SpringBootConfiguration com.ssafy.happyhouse.VueBackendApplication for test class com.ssafy.happyhouse.VueBackendApplicationTests
2022-05-22 19:56:04.103  INFO   --- [           main] .b.t.c.SpringBootTestContextBootstrapper : Loaded default TestExecutionListener class names from location [META-INF/spring.factories]: [org.springframework.boot.test.mock.mockito.MockitoTestExecutionListener, org.springframework.boot.test.mock.mockito.ResetMocksTestExecutionListener, org.springframework.boot.test.autoconfigure.restdocs.RestDocsTestExecutionListener, org.springframework.boot.test.autoconfigure.web.client.MockRestServiceServerResetTestExecutionListener, org.springframework.boot.test.autoconfigure.web.servlet.MockMvcPrintOnlyOnFailureTestExecutionListener, org.springframework.boot.test.autoconfigure.web.servlet.WebDriverTestExecutionListener, org.springframework.boot.test.autoconfigure.webservices.client.MockWebServiceServerTestExecutionListener, org.springframework.test.context.web.ServletTestExecutionListener, org.springframework.test.context.support.DirtiesContextBeforeModesTestExecutionListener, org.springframework.test.context.event.ApplicationEventsTestExecutionListener, org.springframework.test.context.support.DependencyInjectionTestExecutionListener, org.springframework.test.context.support.DirtiesContextTestExecutionListener, org.springframework.test.context.transaction.TransactionalTestExecutionListener, org.springframework.test.context.jdbc.SqlScriptsTestExecutionListener, org.springframework.test.context.event.EventPublishingTestExecutionListener]
2022-05-22 19:56:04.113  INFO   --- [           main] .b.t.c.SpringBootTestContextBootstrapper : Using TestExecutionListeners: [org.springframework.test.context.web.ServletTestExecutionListener@4b2c5e02, org.springframework.test.context.support.DirtiesContextBeforeModesTestExecutionListener@57a3e26a, org.springframework.test.context.event.ApplicationEventsTestExecutionListener@75c56eb9, org.springframework.boot.test.mock.mockito.MockitoTestExecutionListener@4bc222e, org.springframework.boot.test.autoconfigure.SpringBootDependencyInjectionTestExecutionListener@2dc9b0f5, org.springframework.test.context.support.DirtiesContextTestExecutionListener@6531a794, org.springframework.test.context.transaction.TransactionalTestExecutionListener@3b5fad2d, org.springframework.test.context.jdbc.SqlScriptsTestExecutionListener@5e17553a, org.springframework.test.context.event.EventPublishingTestExecutionListener@3eb91815, org.springframework.boot.test.mock.mockito.ResetMocksTestExecutionListener@56dc1551, org.springframework.boot.test.autoconfigure.restdocs.RestDocsTestExecutionListener@102cec62, org.springframework.boot.test.autoconfigure.web.client.MockRestServiceServerResetTestExecutionListener@74f6c5d8, org.springframework.boot.test.autoconfigure.web.servlet.MockMvcPrintOnlyOnFailureTestExecutionListener@27912e3, org.springframework.boot.test.autoconfigure.web.servlet.WebDriverTestExecutionListener@34b9f960, org.springframework.boot.test.autoconfigure.webservices.client.MockWebServiceServerTestExecutionListener@43015c69]
2022-05-22 19:56:04.275  WARN 25548 --- [           main] ory$DuplicateJsonObjectContextCustomizer : 

Found multiple occurrences of org.json.JSONObject on the class path:

	jar:file:/C:/Users/%eb%b0%95%ec%9c%a4%ec%a7%84/.m2/repository/com/vaadin/external/google/android-json/0.0.20131108.vaadin1/android-json-0.0.20131108.vaadin1.jar!/org/json/JSONObject.class
	jar:file:/C:/Users/%eb%b0%95%ec%9c%a4%ec%a7%84/.m2/repository/org/json/json/20220320/json-20220320.jar!/org/json/JSONObject.class

You may wish to exclude one of them to ensure predictable runtime behavior

2022-05-22 19:56:04.762  WARN 25548 --- [           main] o.m.s.mapper.ClassPathMapperScanner      : No MyBatis mapper was found in '[com.ssafy.happyhouse]' package. Please check your configuration.
2022-05-22 19:56:06.136  INFO 25548 --- [           main] .b.t.c.SpringBootTestContextBootstrapper : Neither @ContextConfiguration nor @ContextHierarchy found for test class [com.ssafy.vue.QNATest], using SpringBootContextLoader
2022-05-22 19:56:06.136  INFO 25548 --- [           main] o.s.t.c.support.AbstractContextLoader    : Could not detect default resource locations for test class [com.ssafy.vue.QNATest]: no resource found for suffixes {-context.xml, Context.groovy}.
2022-05-22 19:56:06.136  INFO 25548 --- [           main] t.c.s.AnnotationConfigContextLoaderUtils : Could not detect default configuration classes for test class [com.ssafy.vue.QNATest]: QNATest does not declare any static, non-private, non-final, nested classes annotated with @Configuration.
2022-05-22 19:56:06.139  INFO 25548 --- [           main] .b.t.c.SpringBootTestContextBootstrapper : Found @SpringBootConfiguration com.ssafy.vue.VueApiApplication for test class com.ssafy.vue.QNATest
2022-05-22 19:56:06.141  INFO 25548 --- [           main] .b.t.c.SpringBootTestContextBootstrapper : Loaded default TestExecutionListener class names from location [META-INF/spring.factories]: [org.springframework.boot.test.mock.mockito.MockitoTestExecutionListener, org.springframework.boot.test.mock.mockito.ResetMocksTestExecutionListener, org.springframework.boot.test.autoconfigure.restdocs.RestDocsTestExecutionListener, org.springframework.boot.test.autoconfigure.web.client.MockRestServiceServerResetTestExecutionListener, org.springframework.boot.test.autoconfigure.web.servlet.MockMvcPrintOnlyOnFailureTestExecutionListener, org.springframework.boot.test.autoconfigure.web.servlet.WebDriverTestExecutionListener, org.springframework.boot.test.autoconfigure.webservices.client.MockWebServiceServerTestExecutionListener, org.springframework.test.context.web.ServletTestExecutionListener, org.springframework.test.context.support.DirtiesContextBeforeModesTestExecutionListener, org.springframework.test.context.event.ApplicationEventsTestExecutionListener, org.springframework.test.context.support.DependencyInjectionTestExecutionListener, org.springframework.test.context.support.DirtiesContextTestExecutionListener, org.springframework.test.context.transaction.TransactionalTestExecutionListener, org.springframework.test.context.jdbc.SqlScriptsTestExecutionListener, org.springframework.test.context.event.EventPublishingTestExecutionListener]
2022-05-22 19:56:06.142  INFO 25548 --- [           main] .b.t.c.SpringBootTestContextBootstrapper : Using TestExecutionListeners: [org.springframework.test.context.web.ServletTestExecutionListener@443a06ad, org.springframework.test.context.support.DirtiesContextBeforeModesTestExecutionListener@6ddd1c51, org.springframework.test.context.event.ApplicationEventsTestExecutionListener@752b69e3, org.springframework.boot.test.mock.mockito.MockitoTestExecutionListener@15605d83, org.springframework.boot.test.autoconfigure.SpringBootDependencyInjectionTestExecutionListener@1fb2eec, org.springframework.test.context.support.DirtiesContextTestExecutionListener@4c18516, org.springframework.test.context.transaction.TransactionalTestExecutionListener@2a0b901c, org.springframework.test.context.jdbc.SqlScriptsTestExecutionListener@3d104c9b, org.springframework.test.context.event.EventPublishingTestExecutionListener@6544899b, org.springframework.boot.test.mock.mockito.ResetMocksTestExecutionListener@6da54910, org.springframework.boot.test.autoconfigure.restdocs.RestDocsTestExecutionListener@1bd8afc8, org.springframework.boot.test.autoconfigure.web.client.MockRestServiceServerResetTestExecutionListener@24134cbc, org.springframework.boot.test.autoconfigure.web.servlet.MockMvcPrintOnlyOnFailureTestExecutionListener@65da01f4, org.springframework.boot.test.autoconfigure.web.servlet.WebDriverTestExecutionListener@22f02996, org.springframework.boot.test.autoconfigure.webservices.client.MockWebServiceServerTestExecutionListener@7c8874ef]
2022-05-22 19:56:06.159  WARN 25548 --- [           main] ory$DuplicateJsonObjectContextCustomizer : 

Found multiple occurrences of org.json.JSONObject on the class path:

	jar:file:/C:/Users/%eb%b0%95%ec%9c%a4%ec%a7%84/.m2/repository/com/vaadin/external/google/android-json/0.0.20131108.vaadin1/android-json-0.0.20131108.vaadin1.jar!/org/json/JSONObject.class
	jar:file:/C:/Users/%eb%b0%95%ec%9c%a4%ec%a7%84/.m2/repository/org/json/json/20220320/json-20220320.jar!/org/json/JSONObject.class

You may wish to exclude one of them to ensure predictable runtime behavior

2022-05-22 19:56:07.056  INFO 25548 --- [           main] o.s.t.c.transaction.TransactionContext   : Began transaction (1) for test context [DefaultTestContext@2bdcfcf testClass = QNATest, testInstance = com.ssafy.vue.QNATest@6248cfab, testMethod = selectOpenQNAByTitleTest@QNATest, testException = [null], mergedContextConfiguration = [WebMergedContextConfiguration@5871a482 testClass = QNATest, locations = '{}', classes = '{class com.ssafy.vue.VueApiApplication}', contextInitializerClasses = '[]', activeProfiles = '{}', propertySourceLocations = '{}', propertySourceProperties = '{org.springframework.boot.test.context.SpringBootTestContextBootstrapper=true}', contextCustomizers = set[org.springframework.boot.test.context.filter.ExcludeFilterContextCustomizer@2118cddf, org.springframework.boot.test.json.DuplicateJsonObjectContextCustomizerFactory$DuplicateJsonObjectContextCustomizer@76ed1b7c, org.springframework.boot.test.mock.mockito.MockitoContextCustomizer@0, org.springframework.boot.test.web.client.TestRestTemplateContextCustomizer@11c9af63, org.springframework.boot.test.autoconfigure.actuate.metrics.MetricsExportContextCustomizerFactory$DisableMetricExportContextCustomizer@343570b7, org.springframework.boot.test.autoconfigure.properties.PropertyMappingContextCustomizer@0, org.springframework.boot.test.autoconfigure.web.servlet.WebDriverContextCustomizerFactory$Customizer@6f27a732, org.springframework.boot.test.context.SpringBootTestArgs@1, org.springframework.boot.test.context.SpringBootTestWebEnvironment@7823a2f9], resourceBasePath = 'src/main/webapp', contextLoader = 'org.springframework.boot.test.context.SpringBootContextLoader', parent = [null]], attributes = map['org.springframework.test.context.web.ServletTestExecutionListener.activateListener' -> true, 'org.springframework.test.context.web.ServletTestExecutionListener.populatedRequestContextHolder' -> true, 'org.springframework.test.context.web.ServletTestExecutionListener.resetRequestContextHolder' -> true, 'org.springframework.test.context.event.ApplicationEventsTestExecutionListener.recordApplicationEvents' -> false]]; transaction manager [org.springframework.jdbc.support.JdbcTransactionManager@45c90a05]; rollback [true]
2022-05-22 19:56:07.066  INFO 25548 --- [           main] o.s.t.c.transaction.TransactionContext   : Rolled back transaction for test: [DefaultTestContext@2bdcfcf testClass = QNATest, testInstance = com.ssafy.vue.QNATest@6248cfab, testMethod = selectOpenQNAByTitleTest@QNATest, testException = org.junit.jupiter.api.extension.ParameterResolutionException: No ParameterResolver registered for parameter [java.lang.String query] in method [public void com.ssafy.vue.QNATest.selectOpenQNAByTitleTest(java.lang.String) throws java.lang.Exception]., mergedContextConfiguration = [WebMergedContextConfiguration@5871a482 testClass = QNATest, locations = '{}', classes = '{class com.ssafy.vue.VueApiApplication}', contextInitializerClasses = '[]', activeProfiles = '{}', propertySourceLocations = '{}', propertySourceProperties = '{org.springframework.boot.test.context.SpringBootTestContextBootstrapper=true}', contextCustomizers = set[org.springframework.boot.test.context.filter.ExcludeFilterContextCustomizer@2118cddf, org.springframework.boot.test.json.DuplicateJsonObjectContextCustomizerFactory$DuplicateJsonObjectContextCustomizer@76ed1b7c, org.springframework.boot.test.mock.mockito.MockitoContextCustomizer@0, org.springframework.boot.test.web.client.TestRestTemplateContextCustomizer@11c9af63, org.springframework.boot.test.autoconfigure.actuate.metrics.MetricsExportContextCustomizerFactory$DisableMetricExportContextCustomizer@343570b7, org.springframework.boot.test.autoconfigure.properties.PropertyMappingContextCustomizer@0, org.springframework.boot.test.autoconfigure.web.servlet.WebDriverContextCustomizerFactory$Customizer@6f27a732, org.springframework.boot.test.context.SpringBootTestArgs@1, org.springframework.boot.test.context.SpringBootTestWebEnvironment@7823a2f9], resourceBasePath = 'src/main/webapp', contextLoader = 'org.springframework.boot.test.context.SpringBootContextLoader', parent = [null]], attributes = map['org.springframework.test.context.web.ServletTestExecutionListener.activateListener' -> true, 'org.springframework.test.context.web.ServletTestExecutionListener.populatedRequestContextHolder' -> true, 'org.springframework.test.context.web.ServletTestExecutionListener.resetRequestContextHolder' -> true, 'org.springframework.test.context.event.ApplicationEventsTestExecutionListener.recordApplicationEvents' -> false]]
2022-05-22 19:56:07.070  INFO 25548 --- [           main] .b.t.c.SpringBootTestContextBootstrapper : Neither @ContextConfiguration nor @ContextHierarchy found for test class [com.ssafy.vue.Ws04272ApplicationTests], using SpringBootContextLoader
2022-05-22 19:56:07.070  INFO 25548 --- [           main] o.s.t.c.support.AbstractContextLoader    : Could not detect default resource locations for test class [com.ssafy.vue.Ws04272ApplicationTests]: no resource found for suffixes {-context.xml, Context.groovy}.
2022-05-22 19:56:07.070  INFO 25548 --- [           main] t.c.s.AnnotationConfigContextLoaderUtils : Could not detect default configuration classes for test class [com.ssafy.vue.Ws04272ApplicationTests]: Ws04272ApplicationTests does not declare any static, non-private, non-final, nested classes annotated with @Configuration.
2022-05-22 19:56:07.071  INFO 25548 --- [           main] .b.t.c.SpringBootTestContextBootstrapper : Found @SpringBootConfiguration com.ssafy.vue.VueApiApplication for test class com.ssafy.vue.Ws04272ApplicationTests
2022-05-22 19:56:07.072  INFO 25548 --- [           main] .b.t.c.SpringBootTestContextBootstrapper : Loaded default TestExecutionListener class names from location [META-INF/spring.factories]: [org.springframework.boot.test.mock.mockito.MockitoTestExecutionListener, org.springframework.boot.test.mock.mockito.ResetMocksTestExecutionListener, org.springframework.boot.test.autoconfigure.restdocs.RestDocsTestExecutionListener, org.springframework.boot.test.autoconfigure.web.client.MockRestServiceServerResetTestExecutionListener, org.springframework.boot.test.autoconfigure.web.servlet.MockMvcPrintOnlyOnFailureTestExecutionListener, org.springframework.boot.test.autoconfigure.web.servlet.WebDriverTestExecutionListener, org.springframework.boot.test.autoconfigure.webservices.client.MockWebServiceServerTestExecutionListener, org.springframework.test.context.web.ServletTestExecutionListener, org.springframework.test.context.support.DirtiesContextBeforeModesTestExecutionListener, org.springframework.test.context.event.ApplicationEventsTestExecutionListener, org.springframework.test.context.support.DependencyInjectionTestExecutionListener, org.springframework.test.context.support.DirtiesContextTestExecutionListener, org.springframework.test.context.transaction.TransactionalTestExecutionListener, org.springframework.test.context.jdbc.SqlScriptsTestExecutionListener, org.springframework.test.context.event.EventPublishingTestExecutionListener]
2022-05-22 19:56:07.073  INFO 25548 --- [           main] .b.t.c.SpringBootTestContextBootstrapper : Using TestExecutionListeners: [org.springframework.test.context.web.ServletTestExecutionListener@3d71e10b, org.springframework.test.context.support.DirtiesContextBeforeModesTestExecutionListener@71139e77, org.springframework.test.context.event.ApplicationEventsTestExecutionListener@4de91056, org.springframework.boot.test.mock.mockito.MockitoTestExecutionListener@2404abe2, org.springframework.boot.test.autoconfigure.SpringBootDependencyInjectionTestExecutionListener@16cf7fd0, org.springframework.test.context.support.DirtiesContextTestExecutionListener@7bc2bb58, org.springframework.test.context.transaction.TransactionalTestExecutionListener@7e2c6fd6, org.springframework.test.context.jdbc.SqlScriptsTestExecutionListener@7ff6804a, org.springframework.test.context.event.EventPublishingTestExecutionListener@12aa519b, org.springframework.boot.test.mock.mockito.ResetMocksTestExecutionListener@7c5c20ed, org.springframework.boot.test.autoconfigure.restdocs.RestDocsTestExecutionListener@6113a26f, org.springframework.boot.test.autoconfigure.web.client.MockRestServiceServerResetTestExecutionListener@2aac8ad7, org.springframework.boot.test.autoconfigure.web.servlet.MockMvcPrintOnlyOnFailureTestExecutionListener@6a4a2090, org.springframework.boot.test.autoconfigure.web.servlet.WebDriverTestExecutionListener@778c2e7c, org.springframework.boot.test.autoconfigure.webservices.client.MockWebServiceServerTestExecutionListener@b70fa38]
2022-05-22 19:56:07.078  INFO 25548 --- [           main] .b.t.c.SpringBootTestContextBootstrapper : Neither @ContextConfiguration nor @ContextHierarchy found for test class [com.ssafy.vue.VueApiApplicationTests], using SpringBootContextLoader
2022-05-22 19:56:07.078  INFO 25548 --- [           main] o.s.t.c.support.AbstractContextLoader    : Could not detect default resource locations for test class [com.ssafy.vue.VueApiApplicationTests]: no resource found for suffixes {-context.xml, Context.groovy}.
2022-05-22 19:56:07.078  INFO 25548 --- [           main] t.c.s.AnnotationConfigContextLoaderUtils : Could not detect default configuration classes for test class [com.ssafy.vue.VueApiApplicationTests]: VueApiApplicationTests does not declare any static, non-private, non-final, nested classes annotated with @Configuration.
2022-05-22 19:56:07.079  INFO 25548 --- [           main] .b.t.c.SpringBootTestContextBootstrapper : Found @SpringBootConfiguration com.ssafy.vue.VueApiApplication for test class com.ssafy.vue.VueApiApplicationTests
2022-05-22 19:56:07.079  INFO 25548 --- [           main] .b.t.c.SpringBootTestContextBootstrapper : Loaded default TestExecutionListener class names from location [META-INF/spring.factories]: [org.springframework.boot.test.mock.mockito.MockitoTestExecutionListener, org.springframework.boot.test.mock.mockito.ResetMocksTestExecutionListener, org.springframework.boot.test.autoconfigure.restdocs.RestDocsTestExecutionListener, org.springframework.boot.test.autoconfigure.web.client.MockRestServiceServerResetTestExecutionListener, org.springframework.boot.test.autoconfigure.web.servlet.MockMvcPrintOnlyOnFailureTestExecutionListener, org.springframework.boot.test.autoconfigure.web.servlet.WebDriverTestExecutionListener, org.springframework.boot.test.autoconfigure.webservices.client.MockWebServiceServerTestExecutionListener, org.springframework.test.context.web.ServletTestExecutionListener, org.springframework.test.context.support.DirtiesContextBeforeModesTestExecutionListener, org.springframework.test.context.event.ApplicationEventsTestExecutionListener, org.springframework.test.context.support.DependencyInjectionTestExecutionListener, org.springframework.test.context.support.DirtiesContextTestExecutionListener, org.springframework.test.context.transaction.TransactionalTestExecutionListener, org.springframework.test.context.jdbc.SqlScriptsTestExecutionListener, org.springframework.test.context.event.EventPublishingTestExecutionListener]
2022-05-22 19:56:07.079  INFO 25548 --- [           main] .b.t.c.SpringBootTestContextBootstrapper : Using TestExecutionListeners: [org.springframework.test.context.web.ServletTestExecutionListener@45c423b3, org.springframework.test.context.support.DirtiesContextBeforeModesTestExecutionListener@7e31d53b, org.springframework.test.context.event.ApplicationEventsTestExecutionListener@68d8eb4f, org.springframework.boot.test.mock.mockito.MockitoTestExecutionListener@64757d56, org.springframework.boot.test.autoconfigure.SpringBootDependencyInjectionTestExecutionListener@4813d0, org.springframework.test.context.support.DirtiesContextTestExecutionListener@702096ef, org.springframework.test.context.transaction.TransactionalTestExecutionListener@5f0d8937, org.springframework.test.context.jdbc.SqlScriptsTestExecutionListener@105dc04d, org.springframework.test.context.event.EventPublishingTestExecutionListener@504b8705, org.springframework.boot.test.mock.mockito.ResetMocksTestExecutionListener@24a8e40d, org.springframework.boot.test.autoconfigure.restdocs.RestDocsTestExecutionListener@175f859e, org.springframework.boot.test.autoconfigure.web.client.MockRestServiceServerResetTestExecutionListener@69fe7090, org.springframework.boot.test.autoconfigure.web.servlet.MockMvcPrintOnlyOnFailureTestExecutionListener@6501b105, org.springframework.boot.test.autoconfigure.web.servlet.WebDriverTestExecutionListener@66ab924, org.springframework.boot.test.autoconfigure.webservices.client.MockWebServiceServerTestExecutionListener@6df2af02]
2022-05-22 19:56:35.826  INFO   --- [           main] .b.t.c.SpringBootTestContextBootstrapper : Neither @ContextConfiguration nor @ContextHierarchy found for test class [com.ssafy.happyhouse.VueBackendApplicationTests], using SpringBootContextLoader
2022-05-22 19:56:35.831  INFO   --- [           main] o.s.t.c.support.AbstractContextLoader    : Could not detect default resource locations for test class [com.ssafy.happyhouse.VueBackendApplicationTests]: no resource found for suffixes {-context.xml, Context.groovy}.
2022-05-22 19:56:35.831  INFO   --- [           main] t.c.s.AnnotationConfigContextLoaderUtils : Could not detect default configuration classes for test class [com.ssafy.happyhouse.VueBackendApplicationTests]: VueBackendApplicationTests does not declare any static, non-private, non-final, nested classes annotated with @Configuration.
2022-05-22 19:56:35.890  INFO   --- [           main] .b.t.c.SpringBootTestContextBootstrapper : Found @SpringBootConfiguration com.ssafy.happyhouse.VueBackendApplication for test class com.ssafy.happyhouse.VueBackendApplicationTests
2022-05-22 19:56:35.950  INFO   --- [           main] .b.t.c.SpringBootTestContextBootstrapper : Loaded default TestExecutionListener class names from location [META-INF/spring.factories]: [org.springframework.boot.test.mock.mockito.MockitoTestExecutionListener, org.springframework.boot.test.mock.mockito.ResetMocksTestExecutionListener, org.springframework.boot.test.autoconfigure.restdocs.RestDocsTestExecutionListener, org.springframework.boot.test.autoconfigure.web.client.MockRestServiceServerResetTestExecutionListener, org.springframework.boot.test.autoconfigure.web.servlet.MockMvcPrintOnlyOnFailureTestExecutionListener, org.springframework.boot.test.autoconfigure.web.servlet.WebDriverTestExecutionListener, org.springframework.boot.test.autoconfigure.webservices.client.MockWebServiceServerTestExecutionListener, org.springframework.test.context.web.ServletTestExecutionListener, org.springframework.test.context.support.DirtiesContextBeforeModesTestExecutionListener, org.springframework.test.context.event.ApplicationEventsTestExecutionListener, org.springframework.test.context.support.DependencyInjectionTestExecutionListener, org.springframework.test.context.support.DirtiesContextTestExecutionListener, org.springframework.test.context.transaction.TransactionalTestExecutionListener, org.springframework.test.context.jdbc.SqlScriptsTestExecutionListener, org.springframework.test.context.event.EventPublishingTestExecutionListener]
2022-05-22 19:56:35.959  INFO   --- [           main] .b.t.c.SpringBootTestContextBootstrapper : Using TestExecutionListeners: [org.springframework.test.context.web.ServletTestExecutionListener@452e19ca, org.springframework.test.context.support.DirtiesContextBeforeModesTestExecutionListener@6b0d80ed, org.springframework.test.context.event.ApplicationEventsTestExecutionListener@6f8e8894, org.springframework.boot.test.mock.mockito.MockitoTestExecutionListener@3cfdd820, org.springframework.boot.test.autoconfigure.SpringBootDependencyInjectionTestExecutionListener@928763c, org.springframework.test.context.support.DirtiesContextTestExecutionListener@e25951c, org.springframework.test.context.transaction.TransactionalTestExecutionListener@15f47664, org.springframework.test.context.jdbc.SqlScriptsTestExecutionListener@471a9022, org.springframework.test.context.event.EventPublishingTestExecutionListener@dc9876b, org.springframework.boot.test.mock.mockito.ResetMocksTestExecutionListener@2f666ebb, org.springframework.boot.test.autoconfigure.restdocs.RestDocsTestExecutionListener@19976a65, org.springframework.boot.test.autoconfigure.web.client.MockRestServiceServerResetTestExecutionListener@a1f72f5, org.springframework.boot.test.autoconfigure.web.servlet.MockMvcPrintOnlyOnFailureTestExecutionListener@4b2c5e02, org.springframework.boot.test.autoconfigure.web.servlet.WebDriverTestExecutionListener@57a3e26a, org.springframework.boot.test.autoconfigure.webservices.client.MockWebServiceServerTestExecutionListener@75c56eb9]
2022-05-22 19:56:36.108  WARN 17980 --- [           main] ory$DuplicateJsonObjectContextCustomizer : 

Found multiple occurrences of org.json.JSONObject on the class path:

	jar:file:/C:/Users/%eb%b0%95%ec%9c%a4%ec%a7%84/.m2/repository/com/vaadin/external/google/android-json/0.0.20131108.vaadin1/android-json-0.0.20131108.vaadin1.jar!/org/json/JSONObject.class
	jar:file:/C:/Users/%eb%b0%95%ec%9c%a4%ec%a7%84/.m2/repository/org/json/json/20220320/json-20220320.jar!/org/json/JSONObject.class

You may wish to exclude one of them to ensure predictable runtime behavior

2022-05-22 19:56:36.628  WARN 17980 --- [           main] o.m.s.mapper.ClassPathMapperScanner      : No MyBatis mapper was found in '[com.ssafy.happyhouse]' package. Please check your configuration.
2022-05-22 19:56:38.062  INFO 17980 --- [           main] .b.t.c.SpringBootTestContextBootstrapper : Neither @ContextConfiguration nor @ContextHierarchy found for test class [com.ssafy.vue.QNATest], using SpringBootContextLoader
2022-05-22 19:56:38.062  INFO 17980 --- [           main] o.s.t.c.support.AbstractContextLoader    : Could not detect default resource locations for test class [com.ssafy.vue.QNATest]: no resource found for suffixes {-context.xml, Context.groovy}.
2022-05-22 19:56:38.063  INFO 17980 --- [           main] t.c.s.AnnotationConfigContextLoaderUtils : Could not detect default configuration classes for test class [com.ssafy.vue.QNATest]: QNATest does not declare any static, non-private, non-final, nested classes annotated with @Configuration.
2022-05-22 19:56:38.065  INFO 17980 --- [           main] .b.t.c.SpringBootTestContextBootstrapper : Found @SpringBootConfiguration com.ssafy.vue.VueApiApplication for test class com.ssafy.vue.QNATest
2022-05-22 19:56:38.066  INFO 17980 --- [           main] .b.t.c.SpringBootTestContextBootstrapper : Loaded default TestExecutionListener class names from location [META-INF/spring.factories]: [org.springframework.boot.test.mock.mockito.MockitoTestExecutionListener, org.springframework.boot.test.mock.mockito.ResetMocksTestExecutionListener, org.springframework.boot.test.autoconfigure.restdocs.RestDocsTestExecutionListener, org.springframework.boot.test.autoconfigure.web.client.MockRestServiceServerResetTestExecutionListener, org.springframework.boot.test.autoconfigure.web.servlet.MockMvcPrintOnlyOnFailureTestExecutionListener, org.springframework.boot.test.autoconfigure.web.servlet.WebDriverTestExecutionListener, org.springframework.boot.test.autoconfigure.webservices.client.MockWebServiceServerTestExecutionListener, org.springframework.test.context.web.ServletTestExecutionListener, org.springframework.test.context.support.DirtiesContextBeforeModesTestExecutionListener, org.springframework.test.context.event.ApplicationEventsTestExecutionListener, org.springframework.test.context.support.DependencyInjectionTestExecutionListener, org.springframework.test.context.support.DirtiesContextTestExecutionListener, org.springframework.test.context.transaction.TransactionalTestExecutionListener, org.springframework.test.context.jdbc.SqlScriptsTestExecutionListener, org.springframework.test.context.event.EventPublishingTestExecutionListener]
2022-05-22 19:56:38.066  INFO 17980 --- [           main] .b.t.c.SpringBootTestContextBootstrapper : Using TestExecutionListeners: [org.springframework.test.context.web.ServletTestExecutionListener@48cd319d, org.springframework.test.context.support.DirtiesContextBeforeModesTestExecutionListener@6f38f084, org.springframework.test.context.event.ApplicationEventsTestExecutionListener@4ef18604, org.springframework.boot.test.mock.mockito.MockitoTestExecutionListener@372f0a99, org.springframework.boot.test.autoconfigure.SpringBootDependencyInjectionTestExecutionListener@16cf8438, org.springframework.test.context.support.DirtiesContextTestExecutionListener@3e5beab5, org.springframework.test.context.transaction.TransactionalTestExecutionListener@7c588adc, org.springframework.test.context.jdbc.SqlScriptsTestExecutionListener@33ec2c0c, org.springframework.test.context.event.EventPublishingTestExecutionListener@5968800d, org.springframework.boot.test.mock.mockito.ResetMocksTestExecutionListener@3887c7d7, org.springframework.boot.test.autoconfigure.restdocs.RestDocsTestExecutionListener@b1b471, org.springframework.boot.test.autoconfigure.web.client.MockRestServiceServerResetTestExecutionListener@526f6427, org.springframework.boot.test.autoconfigure.web.servlet.MockMvcPrintOnlyOnFailureTestExecutionListener@4f1afe8f, org.springframework.boot.test.autoconfigure.web.servlet.WebDriverTestExecutionListener@492521c4, org.springframework.boot.test.autoconfigure.webservices.client.MockWebServiceServerTestExecutionListener@443a06ad]
2022-05-22 19:56:38.078  WARN 17980 --- [           main] ory$DuplicateJsonObjectContextCustomizer : 

Found multiple occurrences of org.json.JSONObject on the class path:

	jar:file:/C:/Users/%eb%b0%95%ec%9c%a4%ec%a7%84/.m2/repository/com/vaadin/external/google/android-json/0.0.20131108.vaadin1/android-json-0.0.20131108.vaadin1.jar!/org/json/JSONObject.class
	jar:file:/C:/Users/%eb%b0%95%ec%9c%a4%ec%a7%84/.m2/repository/org/json/json/20220320/json-20220320.jar!/org/json/JSONObject.class

You may wish to exclude one of them to ensure predictable runtime behavior

2022-05-22 19:56:38.796  INFO 17980 --- [           main] .b.t.c.SpringBootTestContextBootstrapper : Neither @ContextConfiguration nor @ContextHierarchy found for test class [com.ssafy.vue.Ws04272ApplicationTests], using SpringBootContextLoader
2022-05-22 19:56:38.797  INFO 17980 --- [           main] o.s.t.c.support.AbstractContextLoader    : Could not detect default resource locations for test class [com.ssafy.vue.Ws04272ApplicationTests]: no resource found for suffixes {-context.xml, Context.groovy}.
2022-05-22 19:56:38.797  INFO 17980 --- [           main] t.c.s.AnnotationConfigContextLoaderUtils : Could not detect default configuration classes for test class [com.ssafy.vue.Ws04272ApplicationTests]: Ws04272ApplicationTests does not declare any static, non-private, non-final, nested classes annotated with @Configuration.
2022-05-22 19:56:38.798  INFO 17980 --- [           main] .b.t.c.SpringBootTestContextBootstrapper : Found @SpringBootConfiguration com.ssafy.vue.VueApiApplication for test class com.ssafy.vue.Ws04272ApplicationTests
2022-05-22 19:56:38.799  INFO 17980 --- [           main] .b.t.c.SpringBootTestContextBootstrapper : Loaded default TestExecutionListener class names from location [META-INF/spring.factories]: [org.springframework.boot.test.mock.mockito.MockitoTestExecutionListener, org.springframework.boot.test.mock.mockito.ResetMocksTestExecutionListener, org.springframework.boot.test.autoconfigure.restdocs.RestDocsTestExecutionListener, org.springframework.boot.test.autoconfigure.web.client.MockRestServiceServerResetTestExecutionListener, org.springframework.boot.test.autoconfigure.web.servlet.MockMvcPrintOnlyOnFailureTestExecutionListener, org.springframework.boot.test.autoconfigure.web.servlet.WebDriverTestExecutionListener, org.springframework.boot.test.autoconfigure.webservices.client.MockWebServiceServerTestExecutionListener, org.springframework.test.context.web.ServletTestExecutionListener, org.springframework.test.context.support.DirtiesContextBeforeModesTestExecutionListener, org.springframework.test.context.event.ApplicationEventsTestExecutionListener, org.springframework.test.context.support.DependencyInjectionTestExecutionListener, org.springframework.test.context.support.DirtiesContextTestExecutionListener, org.springframework.test.context.transaction.TransactionalTestExecutionListener, org.springframework.test.context.jdbc.SqlScriptsTestExecutionListener, org.springframework.test.context.event.EventPublishingTestExecutionListener]
2022-05-22 19:56:38.799  INFO 17980 --- [           main] .b.t.c.SpringBootTestContextBootstrapper : Using TestExecutionListeners: [org.springframework.test.context.web.ServletTestExecutionListener@612af486, org.springframework.test.context.support.DirtiesContextBeforeModesTestExecutionListener@3d033453, org.springframework.test.context.event.ApplicationEventsTestExecutionListener@43deba42, org.springframework.boot.test.mock.mockito.MockitoTestExecutionListener@e795a1d, org.springframework.boot.test.autoconfigure.SpringBootDependencyInjectionTestExecutionListener@38c10190, org.springframework.test.context.support.DirtiesContextTestExecutionListener@1cc41b77, org.springframework.test.context.transaction.TransactionalTestExecutionListener@2a7ebe07, org.springframework.test.context.jdbc.SqlScriptsTestExecutionListener@6e93b0e7, org.springframework.test.context.event.EventPublishingTestExecutionListener@5eeee124, org.springframework.boot.test.mock.mockito.ResetMocksTestExecutionListener@62cd562d, org.springframework.boot.test.autoconfigure.restdocs.RestDocsTestExecutionListener@3d1c52f5, org.springframework.boot.test.autoconfigure.web.client.MockRestServiceServerResetTestExecutionListener@4e7bc939, org.springframework.boot.test.autoconfigure.web.servlet.MockMvcPrintOnlyOnFailureTestExecutionListener@67b5e613, org.springframework.boot.test.autoconfigure.web.servlet.WebDriverTestExecutionListener@6fc1a8f6, org.springframework.boot.test.autoconfigure.webservices.client.MockWebServiceServerTestExecutionListener@3095d401]
2022-05-22 19:56:38.804  INFO 17980 --- [           main] .b.t.c.SpringBootTestContextBootstrapper : Neither @ContextConfiguration nor @ContextHierarchy found for test class [com.ssafy.vue.VueApiApplicationTests], using SpringBootContextLoader
2022-05-22 19:56:38.804  INFO 17980 --- [           main] o.s.t.c.support.AbstractContextLoader    : Could not detect default resource locations for test class [com.ssafy.vue.VueApiApplicationTests]: no resource found for suffixes {-context.xml, Context.groovy}.
2022-05-22 19:56:38.804  INFO 17980 --- [           main] t.c.s.AnnotationConfigContextLoaderUtils : Could not detect default configuration classes for test class [com.ssafy.vue.VueApiApplicationTests]: VueApiApplicationTests does not declare any static, non-private, non-final, nested classes annotated with @Configuration.
2022-05-22 19:56:38.805  INFO 17980 --- [           main] .b.t.c.SpringBootTestContextBootstrapper : Found @SpringBootConfiguration com.ssafy.vue.VueApiApplication for test class com.ssafy.vue.VueApiApplicationTests
2022-05-22 19:56:38.806  INFO 17980 --- [           main] .b.t.c.SpringBootTestContextBootstrapper : Loaded default TestExecutionListener class names from location [META-INF/spring.factories]: [org.springframework.boot.test.mock.mockito.MockitoTestExecutionListener, org.springframework.boot.test.mock.mockito.ResetMocksTestExecutionListener, org.springframework.boot.test.autoconfigure.restdocs.RestDocsTestExecutionListener, org.springframework.boot.test.autoconfigure.web.client.MockRestServiceServerResetTestExecutionListener, org.springframework.boot.test.autoconfigure.web.servlet.MockMvcPrintOnlyOnFailureTestExecutionListener, org.springframework.boot.test.autoconfigure.web.servlet.WebDriverTestExecutionListener, org.springframework.boot.test.autoconfigure.webservices.client.MockWebServiceServerTestExecutionListener, org.springframework.test.context.web.ServletTestExecutionListener, org.springframework.test.context.support.DirtiesContextBeforeModesTestExecutionListener, org.springframework.test.context.event.ApplicationEventsTestExecutionListener, org.springframework.test.context.support.DependencyInjectionTestExecutionListener, org.springframework.test.context.support.DirtiesContextTestExecutionListener, org.springframework.test.context.transaction.TransactionalTestExecutionListener, org.springframework.test.context.jdbc.SqlScriptsTestExecutionListener, org.springframework.test.context.event.EventPublishingTestExecutionListener]
2022-05-22 19:56:38.806  INFO 17980 --- [           main] .b.t.c.SpringBootTestContextBootstrapper : Using TestExecutionListeners: [org.springframework.test.context.web.ServletTestExecutionListener@2037f12b, org.springframework.test.context.support.DirtiesContextBeforeModesTestExecutionListener@687a0e40, org.springframework.test.context.event.ApplicationEventsTestExecutionListener@a9e8da1, org.springframework.boot.test.mock.mockito.MockitoTestExecutionListener@14b5752f, org.springframework.boot.test.autoconfigure.SpringBootDependencyInjectionTestExecutionListener@b94703b, org.springframework.test.context.support.DirtiesContextTestExecutionListener@33a47707, org.springframework.test.context.transaction.TransactionalTestExecutionListener@4d290757, org.springframework.test.context.jdbc.SqlScriptsTestExecutionListener@720a1fd0, org.springframework.test.context.event.EventPublishingTestExecutionListener@5ab7ac02, org.springframework.boot.test.mock.mockito.ResetMocksTestExecutionListener@4abbe41c, org.springframework.boot.test.autoconfigure.restdocs.RestDocsTestExecutionListener@4fad51a3, org.springframework.boot.test.autoconfigure.web.client.MockRestServiceServerResetTestExecutionListener@6d7b2319, org.springframework.boot.test.autoconfigure.web.servlet.MockMvcPrintOnlyOnFailureTestExecutionListener@acb5508, org.springframework.boot.test.autoconfigure.web.servlet.WebDriverTestExecutionListener@1f45db49, org.springframework.boot.test.autoconfigure.webservices.client.MockWebServiceServerTestExecutionListener@3ac0a14b]
2022-05-22 19:59:25.834  INFO   --- [           main] .b.t.c.SpringBootTestContextBootstrapper : Neither @ContextConfiguration nor @ContextHierarchy found for test class [com.ssafy.happyhouse.VueBackendApplicationTests], using SpringBootContextLoader
2022-05-22 19:59:25.839  INFO   --- [           main] o.s.t.c.support.AbstractContextLoader    : Could not detect default resource locations for test class [com.ssafy.happyhouse.VueBackendApplicationTests]: no resource found for suffixes {-context.xml, Context.groovy}.
2022-05-22 19:59:25.839  INFO   --- [           main] t.c.s.AnnotationConfigContextLoaderUtils : Could not detect default configuration classes for test class [com.ssafy.happyhouse.VueBackendApplicationTests]: VueBackendApplicationTests does not declare any static, non-private, non-final, nested classes annotated with @Configuration.
2022-05-22 19:59:25.901  INFO   --- [           main] .b.t.c.SpringBootTestContextBootstrapper : Found @SpringBootConfiguration com.ssafy.happyhouse.VueBackendApplication for test class com.ssafy.happyhouse.VueBackendApplicationTests
2022-05-22 19:59:25.962  INFO   --- [           main] .b.t.c.SpringBootTestContextBootstrapper : Loaded default TestExecutionListener class names from location [META-INF/spring.factories]: [org.springframework.boot.test.mock.mockito.MockitoTestExecutionListener, org.springframework.boot.test.mock.mockito.ResetMocksTestExecutionListener, org.springframework.boot.test.autoconfigure.restdocs.RestDocsTestExecutionListener, org.springframework.boot.test.autoconfigure.web.client.MockRestServiceServerResetTestExecutionListener, org.springframework.boot.test.autoconfigure.web.servlet.MockMvcPrintOnlyOnFailureTestExecutionListener, org.springframework.boot.test.autoconfigure.web.servlet.WebDriverTestExecutionListener, org.springframework.boot.test.autoconfigure.webservices.client.MockWebServiceServerTestExecutionListener, org.springframework.test.context.web.ServletTestExecutionListener, org.springframework.test.context.support.DirtiesContextBeforeModesTestExecutionListener, org.springframework.test.context.event.ApplicationEventsTestExecutionListener, org.springframework.test.context.support.DependencyInjectionTestExecutionListener, org.springframework.test.context.support.DirtiesContextTestExecutionListener, org.springframework.test.context.transaction.TransactionalTestExecutionListener, org.springframework.test.context.jdbc.SqlScriptsTestExecutionListener, org.springframework.test.context.event.EventPublishingTestExecutionListener]
2022-05-22 19:59:25.972  INFO   --- [           main] .b.t.c.SpringBootTestContextBootstrapper : Using TestExecutionListeners: [org.springframework.test.context.web.ServletTestExecutionListener@452e19ca, org.springframework.test.context.support.DirtiesContextBeforeModesTestExecutionListener@6b0d80ed, org.springframework.test.context.event.ApplicationEventsTestExecutionListener@6f8e8894, org.springframework.boot.test.mock.mockito.MockitoTestExecutionListener@3cfdd820, org.springframework.boot.test.autoconfigure.SpringBootDependencyInjectionTestExecutionListener@928763c, org.springframework.test.context.support.DirtiesContextTestExecutionListener@e25951c, org.springframework.test.context.transaction.TransactionalTestExecutionListener@15f47664, org.springframework.test.context.jdbc.SqlScriptsTestExecutionListener@471a9022, org.springframework.test.context.event.EventPublishingTestExecutionListener@dc9876b, org.springframework.boot.test.mock.mockito.ResetMocksTestExecutionListener@2f666ebb, org.springframework.boot.test.autoconfigure.restdocs.RestDocsTestExecutionListener@19976a65, org.springframework.boot.test.autoconfigure.web.client.MockRestServiceServerResetTestExecutionListener@a1f72f5, org.springframework.boot.test.autoconfigure.web.servlet.MockMvcPrintOnlyOnFailureTestExecutionListener@4b2c5e02, org.springframework.boot.test.autoconfigure.web.servlet.WebDriverTestExecutionListener@57a3e26a, org.springframework.boot.test.autoconfigure.webservices.client.MockWebServiceServerTestExecutionListener@75c56eb9]
2022-05-22 19:59:26.124  WARN 15200 --- [           main] ory$DuplicateJsonObjectContextCustomizer : 

Found multiple occurrences of org.json.JSONObject on the class path:

	jar:file:/C:/Users/%eb%b0%95%ec%9c%a4%ec%a7%84/.m2/repository/com/vaadin/external/google/android-json/0.0.20131108.vaadin1/android-json-0.0.20131108.vaadin1.jar!/org/json/JSONObject.class
	jar:file:/C:/Users/%eb%b0%95%ec%9c%a4%ec%a7%84/.m2/repository/org/json/json/20220320/json-20220320.jar!/org/json/JSONObject.class

You may wish to exclude one of them to ensure predictable runtime behavior

2022-05-22 19:59:26.660  WARN 15200 --- [           main] o.m.s.mapper.ClassPathMapperScanner      : No MyBatis mapper was found in '[com.ssafy.happyhouse]' package. Please check your configuration.
2022-05-22 19:59:28.014  INFO 15200 --- [           main] .b.t.c.SpringBootTestContextBootstrapper : Neither @ContextConfiguration nor @ContextHierarchy found for test class [com.ssafy.vue.QNATest], using SpringBootContextLoader
2022-05-22 19:59:28.014  INFO 15200 --- [           main] o.s.t.c.support.AbstractContextLoader    : Could not detect default resource locations for test class [com.ssafy.vue.QNATest]: no resource found for suffixes {-context.xml, Context.groovy}.
2022-05-22 19:59:28.015  INFO 15200 --- [           main] t.c.s.AnnotationConfigContextLoaderUtils : Could not detect default configuration classes for test class [com.ssafy.vue.QNATest]: QNATest does not declare any static, non-private, non-final, nested classes annotated with @Configuration.
2022-05-22 19:59:28.017  INFO 15200 --- [           main] .b.t.c.SpringBootTestContextBootstrapper : Found @SpringBootConfiguration com.ssafy.vue.VueApiApplication for test class com.ssafy.vue.QNATest
2022-05-22 19:59:28.019  INFO 15200 --- [           main] .b.t.c.SpringBootTestContextBootstrapper : Loaded default TestExecutionListener class names from location [META-INF/spring.factories]: [org.springframework.boot.test.mock.mockito.MockitoTestExecutionListener, org.springframework.boot.test.mock.mockito.ResetMocksTestExecutionListener, org.springframework.boot.test.autoconfigure.restdocs.RestDocsTestExecutionListener, org.springframework.boot.test.autoconfigure.web.client.MockRestServiceServerResetTestExecutionListener, org.springframework.boot.test.autoconfigure.web.servlet.MockMvcPrintOnlyOnFailureTestExecutionListener, org.springframework.boot.test.autoconfigure.web.servlet.WebDriverTestExecutionListener, org.springframework.boot.test.autoconfigure.webservices.client.MockWebServiceServerTestExecutionListener, org.springframework.test.context.web.ServletTestExecutionListener, org.springframework.test.context.support.DirtiesContextBeforeModesTestExecutionListener, org.springframework.test.context.event.ApplicationEventsTestExecutionListener, org.springframework.test.context.support.DependencyInjectionTestExecutionListener, org.springframework.test.context.support.DirtiesContextTestExecutionListener, org.springframework.test.context.transaction.TransactionalTestExecutionListener, org.springframework.test.context.jdbc.SqlScriptsTestExecutionListener, org.springframework.test.context.event.EventPublishingTestExecutionListener]
2022-05-22 19:59:28.019  INFO 15200 --- [           main] .b.t.c.SpringBootTestContextBootstrapper : Using TestExecutionListeners: [org.springframework.test.context.web.ServletTestExecutionListener@48cd319d, org.springframework.test.context.support.DirtiesContextBeforeModesTestExecutionListener@6f38f084, org.springframework.test.context.event.ApplicationEventsTestExecutionListener@4ef18604, org.springframework.boot.test.mock.mockito.MockitoTestExecutionListener@372f0a99, org.springframework.boot.test.autoconfigure.SpringBootDependencyInjectionTestExecutionListener@16cf8438, org.springframework.test.context.support.DirtiesContextTestExecutionListener@3e5beab5, org.springframework.test.context.transaction.TransactionalTestExecutionListener@7c588adc, org.springframework.test.context.jdbc.SqlScriptsTestExecutionListener@33ec2c0c, org.springframework.test.context.event.EventPublishingTestExecutionListener@5968800d, org.springframework.boot.test.mock.mockito.ResetMocksTestExecutionListener@3887c7d7, org.springframework.boot.test.autoconfigure.restdocs.RestDocsTestExecutionListener@b1b471, org.springframework.boot.test.autoconfigure.web.client.MockRestServiceServerResetTestExecutionListener@526f6427, org.springframework.boot.test.autoconfigure.web.servlet.MockMvcPrintOnlyOnFailureTestExecutionListener@4f1afe8f, org.springframework.boot.test.autoconfigure.web.servlet.WebDriverTestExecutionListener@492521c4, org.springframework.boot.test.autoconfigure.webservices.client.MockWebServiceServerTestExecutionListener@443a06ad]
2022-05-22 19:59:28.036  WARN 15200 --- [           main] ory$DuplicateJsonObjectContextCustomizer : 

Found multiple occurrences of org.json.JSONObject on the class path:

	jar:file:/C:/Users/%eb%b0%95%ec%9c%a4%ec%a7%84/.m2/repository/com/vaadin/external/google/android-json/0.0.20131108.vaadin1/android-json-0.0.20131108.vaadin1.jar!/org/json/JSONObject.class
	jar:file:/C:/Users/%eb%b0%95%ec%9c%a4%ec%a7%84/.m2/repository/org/json/json/20220320/json-20220320.jar!/org/json/JSONObject.class

You may wish to exclude one of them to ensure predictable runtime behavior

2022-05-22 19:59:28.809  INFO 15200 --- [           main] .b.t.c.SpringBootTestContextBootstrapper : Neither @ContextConfiguration nor @ContextHierarchy found for test class [com.ssafy.vue.Ws04272ApplicationTests], using SpringBootContextLoader
2022-05-22 19:59:28.810  INFO 15200 --- [           main] o.s.t.c.support.AbstractContextLoader    : Could not detect default resource locations for test class [com.ssafy.vue.Ws04272ApplicationTests]: no resource found for suffixes {-context.xml, Context.groovy}.
2022-05-22 19:59:28.810  INFO 15200 --- [           main] t.c.s.AnnotationConfigContextLoaderUtils : Could not detect default configuration classes for test class [com.ssafy.vue.Ws04272ApplicationTests]: Ws04272ApplicationTests does not declare any static, non-private, non-final, nested classes annotated with @Configuration.
2022-05-22 19:59:28.810  INFO 15200 --- [           main] .b.t.c.SpringBootTestContextBootstrapper : Found @SpringBootConfiguration com.ssafy.vue.VueApiApplication for test class com.ssafy.vue.Ws04272ApplicationTests
2022-05-22 19:59:28.811  INFO 15200 --- [           main] .b.t.c.SpringBootTestContextBootstrapper : Loaded default TestExecutionListener class names from location [META-INF/spring.factories]: [org.springframework.boot.test.mock.mockito.MockitoTestExecutionListener, org.springframework.boot.test.mock.mockito.ResetMocksTestExecutionListener, org.springframework.boot.test.autoconfigure.restdocs.RestDocsTestExecutionListener, org.springframework.boot.test.autoconfigure.web.client.MockRestServiceServerResetTestExecutionListener, org.springframework.boot.test.autoconfigure.web.servlet.MockMvcPrintOnlyOnFailureTestExecutionListener, org.springframework.boot.test.autoconfigure.web.servlet.WebDriverTestExecutionListener, org.springframework.boot.test.autoconfigure.webservices.client.MockWebServiceServerTestExecutionListener, org.springframework.test.context.web.ServletTestExecutionListener, org.springframework.test.context.support.DirtiesContextBeforeModesTestExecutionListener, org.springframework.test.context.event.ApplicationEventsTestExecutionListener, org.springframework.test.context.support.DependencyInjectionTestExecutionListener, org.springframework.test.context.support.DirtiesContextTestExecutionListener, org.springframework.test.context.transaction.TransactionalTestExecutionListener, org.springframework.test.context.jdbc.SqlScriptsTestExecutionListener, org.springframework.test.context.event.EventPublishingTestExecutionListener]
2022-05-22 19:59:28.811  INFO 15200 --- [           main] .b.t.c.SpringBootTestContextBootstrapper : Using TestExecutionListeners: [org.springframework.test.context.web.ServletTestExecutionListener@612af486, org.springframework.test.context.support.DirtiesContextBeforeModesTestExecutionListener@3d033453, org.springframework.test.context.event.ApplicationEventsTestExecutionListener@43deba42, org.springframework.boot.test.mock.mockito.MockitoTestExecutionListener@e795a1d, org.springframework.boot.test.autoconfigure.SpringBootDependencyInjectionTestExecutionListener@38c10190, org.springframework.test.context.support.DirtiesContextTestExecutionListener@1cc41b77, org.springframework.test.context.transaction.TransactionalTestExecutionListener@2a7ebe07, org.springframework.test.context.jdbc.SqlScriptsTestExecutionListener@6e93b0e7, org.springframework.test.context.event.EventPublishingTestExecutionListener@5eeee124, org.springframework.boot.test.mock.mockito.ResetMocksTestExecutionListener@62cd562d, org.springframework.boot.test.autoconfigure.restdocs.RestDocsTestExecutionListener@3d1c52f5, org.springframework.boot.test.autoconfigure.web.client.MockRestServiceServerResetTestExecutionListener@4e7bc939, org.springframework.boot.test.autoconfigure.web.servlet.MockMvcPrintOnlyOnFailureTestExecutionListener@67b5e613, org.springframework.boot.test.autoconfigure.web.servlet.WebDriverTestExecutionListener@6fc1a8f6, org.springframework.boot.test.autoconfigure.webservices.client.MockWebServiceServerTestExecutionListener@3095d401]
2022-05-22 19:59:28.815  INFO 15200 --- [           main] .b.t.c.SpringBootTestContextBootstrapper : Neither @ContextConfiguration nor @ContextHierarchy found for test class [com.ssafy.vue.VueApiApplicationTests], using SpringBootContextLoader
2022-05-22 19:59:28.816  INFO 15200 --- [           main] o.s.t.c.support.AbstractContextLoader    : Could not detect default resource locations for test class [com.ssafy.vue.VueApiApplicationTests]: no resource found for suffixes {-context.xml, Context.groovy}.
2022-05-22 19:59:28.816  INFO 15200 --- [           main] t.c.s.AnnotationConfigContextLoaderUtils : Could not detect default configuration classes for test class [com.ssafy.vue.VueApiApplicationTests]: VueApiApplicationTests does not declare any static, non-private, non-final, nested classes annotated with @Configuration.
2022-05-22 19:59:28.816  INFO 15200 --- [           main] .b.t.c.SpringBootTestContextBootstrapper : Found @SpringBootConfiguration com.ssafy.vue.VueApiApplication for test class com.ssafy.vue.VueApiApplicationTests
2022-05-22 19:59:28.817  INFO 15200 --- [           main] .b.t.c.SpringBootTestContextBootstrapper : Loaded default TestExecutionListener class names from location [META-INF/spring.factories]: [org.springframework.boot.test.mock.mockito.MockitoTestExecutionListener, org.springframework.boot.test.mock.mockito.ResetMocksTestExecutionListener, org.springframework.boot.test.autoconfigure.restdocs.RestDocsTestExecutionListener, org.springframework.boot.test.autoconfigure.web.client.MockRestServiceServerResetTestExecutionListener, org.springframework.boot.test.autoconfigure.web.servlet.MockMvcPrintOnlyOnFailureTestExecutionListener, org.springframework.boot.test.autoconfigure.web.servlet.WebDriverTestExecutionListener, org.springframework.boot.test.autoconfigure.webservices.client.MockWebServiceServerTestExecutionListener, org.springframework.test.context.web.ServletTestExecutionListener, org.springframework.test.context.support.DirtiesContextBeforeModesTestExecutionListener, org.springframework.test.context.event.ApplicationEventsTestExecutionListener, org.springframework.test.context.support.DependencyInjectionTestExecutionListener, org.springframework.test.context.support.DirtiesContextTestExecutionListener, org.springframework.test.context.transaction.TransactionalTestExecutionListener, org.springframework.test.context.jdbc.SqlScriptsTestExecutionListener, org.springframework.test.context.event.EventPublishingTestExecutionListener]
2022-05-22 19:59:28.817  INFO 15200 --- [           main] .b.t.c.SpringBootTestContextBootstrapper : Using TestExecutionListeners: [org.springframework.test.context.web.ServletTestExecutionListener@2037f12b, org.springframework.test.context.support.DirtiesContextBeforeModesTestExecutionListener@687a0e40, org.springframework.test.context.event.ApplicationEventsTestExecutionListener@a9e8da1, org.springframework.boot.test.mock.mockito.MockitoTestExecutionListener@14b5752f, org.springframework.boot.test.autoconfigure.SpringBootDependencyInjectionTestExecutionListener@b94703b, org.springframework.test.context.support.DirtiesContextTestExecutionListener@33a47707, org.springframework.test.context.transaction.TransactionalTestExecutionListener@4d290757, org.springframework.test.context.jdbc.SqlScriptsTestExecutionListener@720a1fd0, org.springframework.test.context.event.EventPublishingTestExecutionListener@5ab7ac02, org.springframework.boot.test.mock.mockito.ResetMocksTestExecutionListener@4abbe41c, org.springframework.boot.test.autoconfigure.restdocs.RestDocsTestExecutionListener@4fad51a3, org.springframework.boot.test.autoconfigure.web.client.MockRestServiceServerResetTestExecutionListener@6d7b2319, org.springframework.boot.test.autoconfigure.web.servlet.MockMvcPrintOnlyOnFailureTestExecutionListener@acb5508, org.springframework.boot.test.autoconfigure.web.servlet.WebDriverTestExecutionListener@1f45db49, org.springframework.boot.test.autoconfigure.webservices.client.MockWebServiceServerTestExecutionListener@3ac0a14b]
2022-05-22 20:01:46.550  INFO   --- [           main] .b.t.c.SpringBootTestContextBootstrapper : Neither @ContextConfiguration nor @ContextHierarchy found for test class [com.ssafy.happyhouse.VueBackendApplicationTests], using SpringBootContextLoader
2022-05-22 20:01:46.554  INFO   --- [           main] o.s.t.c.support.AbstractContextLoader    : Could not detect default resource locations for test class [com.ssafy.happyhouse.VueBackendApplicationTests]: no resource found for suffixes {-context.xml, Context.groovy}.
2022-05-22 20:01:46.555  INFO   --- [           main] t.c.s.AnnotationConfigContextLoaderUtils : Could not detect default configuration classes for test class [com.ssafy.happyhouse.VueBackendApplicationTests]: VueBackendApplicationTests does not declare any static, non-private, non-final, nested classes annotated with @Configuration.
2022-05-22 20:01:46.618  INFO   --- [           main] .b.t.c.SpringBootTestContextBootstrapper : Found @SpringBootConfiguration com.ssafy.happyhouse.VueBackendApplication for test class com.ssafy.happyhouse.VueBackendApplicationTests
2022-05-22 20:01:46.688  INFO   --- [           main] .b.t.c.SpringBootTestContextBootstrapper : Loaded default TestExecutionListener class names from location [META-INF/spring.factories]: [org.springframework.boot.test.mock.mockito.MockitoTestExecutionListener, org.springframework.boot.test.mock.mockito.ResetMocksTestExecutionListener, org.springframework.boot.test.autoconfigure.restdocs.RestDocsTestExecutionListener, org.springframework.boot.test.autoconfigure.web.client.MockRestServiceServerResetTestExecutionListener, org.springframework.boot.test.autoconfigure.web.servlet.MockMvcPrintOnlyOnFailureTestExecutionListener, org.springframework.boot.test.autoconfigure.web.servlet.WebDriverTestExecutionListener, org.springframework.boot.test.autoconfigure.webservices.client.MockWebServiceServerTestExecutionListener, org.springframework.test.context.web.ServletTestExecutionListener, org.springframework.test.context.support.DirtiesContextBeforeModesTestExecutionListener, org.springframework.test.context.event.ApplicationEventsTestExecutionListener, org.springframework.test.context.support.DependencyInjectionTestExecutionListener, org.springframework.test.context.support.DirtiesContextTestExecutionListener, org.springframework.test.context.transaction.TransactionalTestExecutionListener, org.springframework.test.context.jdbc.SqlScriptsTestExecutionListener, org.springframework.test.context.event.EventPublishingTestExecutionListener]
2022-05-22 20:01:46.699  INFO   --- [           main] .b.t.c.SpringBootTestContextBootstrapper : Using TestExecutionListeners: [org.springframework.test.context.web.ServletTestExecutionListener@452e19ca, org.springframework.test.context.support.DirtiesContextBeforeModesTestExecutionListener@6b0d80ed, org.springframework.test.context.event.ApplicationEventsTestExecutionListener@6f8e8894, org.springframework.boot.test.mock.mockito.MockitoTestExecutionListener@3cfdd820, org.springframework.boot.test.autoconfigure.SpringBootDependencyInjectionTestExecutionListener@928763c, org.springframework.test.context.support.DirtiesContextTestExecutionListener@e25951c, org.springframework.test.context.transaction.TransactionalTestExecutionListener@15f47664, org.springframework.test.context.jdbc.SqlScriptsTestExecutionListener@471a9022, org.springframework.test.context.event.EventPublishingTestExecutionListener@dc9876b, org.springframework.boot.test.mock.mockito.ResetMocksTestExecutionListener@2f666ebb, org.springframework.boot.test.autoconfigure.restdocs.RestDocsTestExecutionListener@19976a65, org.springframework.boot.test.autoconfigure.web.client.MockRestServiceServerResetTestExecutionListener@a1f72f5, org.springframework.boot.test.autoconfigure.web.servlet.MockMvcPrintOnlyOnFailureTestExecutionListener@4b2c5e02, org.springframework.boot.test.autoconfigure.web.servlet.WebDriverTestExecutionListener@57a3e26a, org.springframework.boot.test.autoconfigure.webservices.client.MockWebServiceServerTestExecutionListener@75c56eb9]
2022-05-22 20:01:46.893  WARN 6500 --- [           main] ory$DuplicateJsonObjectContextCustomizer : 

Found multiple occurrences of org.json.JSONObject on the class path:

	jar:file:/C:/Users/%eb%b0%95%ec%9c%a4%ec%a7%84/.m2/repository/com/vaadin/external/google/android-json/0.0.20131108.vaadin1/android-json-0.0.20131108.vaadin1.jar!/org/json/JSONObject.class
	jar:file:/C:/Users/%eb%b0%95%ec%9c%a4%ec%a7%84/.m2/repository/org/json/json/20220320/json-20220320.jar!/org/json/JSONObject.class

You may wish to exclude one of them to ensure predictable runtime behavior

2022-05-22 20:01:47.379  WARN 6500 --- [           main] o.m.s.mapper.ClassPathMapperScanner      : No MyBatis mapper was found in '[com.ssafy.happyhouse]' package. Please check your configuration.
2022-05-22 20:01:48.728  INFO 6500 --- [           main] .b.t.c.SpringBootTestContextBootstrapper : Neither @ContextConfiguration nor @ContextHierarchy found for test class [com.ssafy.vue.QNATest], using SpringBootContextLoader
2022-05-22 20:01:48.729  INFO 6500 --- [           main] o.s.t.c.support.AbstractContextLoader    : Could not detect default resource locations for test class [com.ssafy.vue.QNATest]: no resource found for suffixes {-context.xml, Context.groovy}.
2022-05-22 20:01:48.729  INFO 6500 --- [           main] t.c.s.AnnotationConfigContextLoaderUtils : Could not detect default configuration classes for test class [com.ssafy.vue.QNATest]: QNATest does not declare any static, non-private, non-final, nested classes annotated with @Configuration.
2022-05-22 20:01:48.731  INFO 6500 --- [           main] .b.t.c.SpringBootTestContextBootstrapper : Found @SpringBootConfiguration com.ssafy.vue.VueApiApplication for test class com.ssafy.vue.QNATest
2022-05-22 20:01:48.732  INFO 6500 --- [           main] .b.t.c.SpringBootTestContextBootstrapper : Loaded default TestExecutionListener class names from location [META-INF/spring.factories]: [org.springframework.boot.test.mock.mockito.MockitoTestExecutionListener, org.springframework.boot.test.mock.mockito.ResetMocksTestExecutionListener, org.springframework.boot.test.autoconfigure.restdocs.RestDocsTestExecutionListener, org.springframework.boot.test.autoconfigure.web.client.MockRestServiceServerResetTestExecutionListener, org.springframework.boot.test.autoconfigure.web.servlet.MockMvcPrintOnlyOnFailureTestExecutionListener, org.springframework.boot.test.autoconfigure.web.servlet.WebDriverTestExecutionListener, org.springframework.boot.test.autoconfigure.webservices.client.MockWebServiceServerTestExecutionListener, org.springframework.test.context.web.ServletTestExecutionListener, org.springframework.test.context.support.DirtiesContextBeforeModesTestExecutionListener, org.springframework.test.context.event.ApplicationEventsTestExecutionListener, org.springframework.test.context.support.DependencyInjectionTestExecutionListener, org.springframework.test.context.support.DirtiesContextTestExecutionListener, org.springframework.test.context.transaction.TransactionalTestExecutionListener, org.springframework.test.context.jdbc.SqlScriptsTestExecutionListener, org.springframework.test.context.event.EventPublishingTestExecutionListener]
2022-05-22 20:01:48.733  INFO 6500 --- [           main] .b.t.c.SpringBootTestContextBootstrapper : Using TestExecutionListeners: [org.springframework.test.context.web.ServletTestExecutionListener@4ef18604, org.springframework.test.context.support.DirtiesContextBeforeModesTestExecutionListener@372f0a99, org.springframework.test.context.event.ApplicationEventsTestExecutionListener@16cf8438, org.springframework.boot.test.mock.mockito.MockitoTestExecutionListener@3e5beab5, org.springframework.boot.test.autoconfigure.SpringBootDependencyInjectionTestExecutionListener@7c588adc, org.springframework.test.context.support.DirtiesContextTestExecutionListener@33ec2c0c, org.springframework.test.context.transaction.TransactionalTestExecutionListener@5968800d, org.springframework.test.context.jdbc.SqlScriptsTestExecutionListener@3887c7d7, org.springframework.test.context.event.EventPublishingTestExecutionListener@b1b471, org.springframework.boot.test.mock.mockito.ResetMocksTestExecutionListener@526f6427, org.springframework.boot.test.autoconfigure.restdocs.RestDocsTestExecutionListener@4f1afe8f, org.springframework.boot.test.autoconfigure.web.client.MockRestServiceServerResetTestExecutionListener@492521c4, org.springframework.boot.test.autoconfigure.web.servlet.MockMvcPrintOnlyOnFailureTestExecutionListener@443a06ad, org.springframework.boot.test.autoconfigure.web.servlet.WebDriverTestExecutionListener@6ddd1c51, org.springframework.boot.test.autoconfigure.webservices.client.MockWebServiceServerTestExecutionListener@752b69e3]
2022-05-22 20:01:48.748  WARN 6500 --- [           main] ory$DuplicateJsonObjectContextCustomizer : 

Found multiple occurrences of org.json.JSONObject on the class path:

	jar:file:/C:/Users/%eb%b0%95%ec%9c%a4%ec%a7%84/.m2/repository/com/vaadin/external/google/android-json/0.0.20131108.vaadin1/android-json-0.0.20131108.vaadin1.jar!/org/json/JSONObject.class
	jar:file:/C:/Users/%eb%b0%95%ec%9c%a4%ec%a7%84/.m2/repository/org/json/json/20220320/json-20220320.jar!/org/json/JSONObject.class

You may wish to exclude one of them to ensure predictable runtime behavior

2022-05-22 20:01:49.457  INFO 6500 --- [           main] .b.t.c.SpringBootTestContextBootstrapper : Neither @ContextConfiguration nor @ContextHierarchy found for test class [com.ssafy.vue.Ws04272ApplicationTests], using SpringBootContextLoader
2022-05-22 20:01:49.458  INFO 6500 --- [           main] o.s.t.c.support.AbstractContextLoader    : Could not detect default resource locations for test class [com.ssafy.vue.Ws04272ApplicationTests]: no resource found for suffixes {-context.xml, Context.groovy}.
2022-05-22 20:01:49.458  INFO 6500 --- [           main] t.c.s.AnnotationConfigContextLoaderUtils : Could not detect default configuration classes for test class [com.ssafy.vue.Ws04272ApplicationTests]: Ws04272ApplicationTests does not declare any static, non-private, non-final, nested classes annotated with @Configuration.
2022-05-22 20:01:49.459  INFO 6500 --- [           main] .b.t.c.SpringBootTestContextBootstrapper : Found @SpringBootConfiguration com.ssafy.vue.VueApiApplication for test class com.ssafy.vue.Ws04272ApplicationTests
2022-05-22 20:01:49.460  INFO 6500 --- [           main] .b.t.c.SpringBootTestContextBootstrapper : Loaded default TestExecutionListener class names from location [META-INF/spring.factories]: [org.springframework.boot.test.mock.mockito.MockitoTestExecutionListener, org.springframework.boot.test.mock.mockito.ResetMocksTestExecutionListener, org.springframework.boot.test.autoconfigure.restdocs.RestDocsTestExecutionListener, org.springframework.boot.test.autoconfigure.web.client.MockRestServiceServerResetTestExecutionListener, org.springframework.boot.test.autoconfigure.web.servlet.MockMvcPrintOnlyOnFailureTestExecutionListener, org.springframework.boot.test.autoconfigure.web.servlet.WebDriverTestExecutionListener, org.springframework.boot.test.autoconfigure.webservices.client.MockWebServiceServerTestExecutionListener, org.springframework.test.context.web.ServletTestExecutionListener, org.springframework.test.context.support.DirtiesContextBeforeModesTestExecutionListener, org.springframework.test.context.event.ApplicationEventsTestExecutionListener, org.springframework.test.context.support.DependencyInjectionTestExecutionListener, org.springframework.test.context.support.DirtiesContextTestExecutionListener, org.springframework.test.context.transaction.TransactionalTestExecutionListener, org.springframework.test.context.jdbc.SqlScriptsTestExecutionListener, org.springframework.test.context.event.EventPublishingTestExecutionListener]
2022-05-22 20:01:49.460  INFO 6500 --- [           main] .b.t.c.SpringBootTestContextBootstrapper : Using TestExecutionListeners: [org.springframework.test.context.web.ServletTestExecutionListener@43deba42, org.springframework.test.context.support.DirtiesContextBeforeModesTestExecutionListener@e795a1d, org.springframework.test.context.event.ApplicationEventsTestExecutionListener@38c10190, org.springframework.boot.test.mock.mockito.MockitoTestExecutionListener@1cc41b77, org.springframework.boot.test.autoconfigure.SpringBootDependencyInjectionTestExecutionListener@2a7ebe07, org.springframework.test.context.support.DirtiesContextTestExecutionListener@6e93b0e7, org.springframework.test.context.transaction.TransactionalTestExecutionListener@5eeee124, org.springframework.test.context.jdbc.SqlScriptsTestExecutionListener@62cd562d, org.springframework.test.context.event.EventPublishingTestExecutionListener@3d1c52f5, org.springframework.boot.test.mock.mockito.ResetMocksTestExecutionListener@4e7bc939, org.springframework.boot.test.autoconfigure.restdocs.RestDocsTestExecutionListener@67b5e613, org.springframework.boot.test.autoconfigure.web.client.MockRestServiceServerResetTestExecutionListener@6fc1a8f6, org.springframework.boot.test.autoconfigure.web.servlet.MockMvcPrintOnlyOnFailureTestExecutionListener@3095d401, org.springframework.boot.test.autoconfigure.web.servlet.WebDriverTestExecutionListener@2037f12b, org.springframework.boot.test.autoconfigure.webservices.client.MockWebServiceServerTestExecutionListener@687a0e40]
2022-05-22 20:01:49.465  INFO 6500 --- [           main] .b.t.c.SpringBootTestContextBootstrapper : Neither @ContextConfiguration nor @ContextHierarchy found for test class [com.ssafy.vue.VueApiApplicationTests], using SpringBootContextLoader
2022-05-22 20:01:49.465  INFO 6500 --- [           main] o.s.t.c.support.AbstractContextLoader    : Could not detect default resource locations for test class [com.ssafy.vue.VueApiApplicationTests]: no resource found for suffixes {-context.xml, Context.groovy}.
2022-05-22 20:01:49.466  INFO 6500 --- [           main] t.c.s.AnnotationConfigContextLoaderUtils : Could not detect default configuration classes for test class [com.ssafy.vue.VueApiApplicationTests]: VueApiApplicationTests does not declare any static, non-private, non-final, nested classes annotated with @Configuration.
2022-05-22 20:01:49.466  INFO 6500 --- [           main] .b.t.c.SpringBootTestContextBootstrapper : Found @SpringBootConfiguration com.ssafy.vue.VueApiApplication for test class com.ssafy.vue.VueApiApplicationTests
2022-05-22 20:01:49.467  INFO 6500 --- [           main] .b.t.c.SpringBootTestContextBootstrapper : Loaded default TestExecutionListener class names from location [META-INF/spring.factories]: [org.springframework.boot.test.mock.mockito.MockitoTestExecutionListener, org.springframework.boot.test.mock.mockito.ResetMocksTestExecutionListener, org.springframework.boot.test.autoconfigure.restdocs.RestDocsTestExecutionListener, org.springframework.boot.test.autoconfigure.web.client.MockRestServiceServerResetTestExecutionListener, org.springframework.boot.test.autoconfigure.web.servlet.MockMvcPrintOnlyOnFailureTestExecutionListener, org.springframework.boot.test.autoconfigure.web.servlet.WebDriverTestExecutionListener, org.springframework.boot.test.autoconfigure.webservices.client.MockWebServiceServerTestExecutionListener, org.springframework.test.context.web.ServletTestExecutionListener, org.springframework.test.context.support.DirtiesContextBeforeModesTestExecutionListener, org.springframework.test.context.event.ApplicationEventsTestExecutionListener, org.springframework.test.context.support.DependencyInjectionTestExecutionListener, org.springframework.test.context.support.DirtiesContextTestExecutionListener, org.springframework.test.context.transaction.TransactionalTestExecutionListener, org.springframework.test.context.jdbc.SqlScriptsTestExecutionListener, org.springframework.test.context.event.EventPublishingTestExecutionListener]
2022-05-22 20:01:49.468  INFO 6500 --- [           main] .b.t.c.SpringBootTestContextBootstrapper : Using TestExecutionListeners: [org.springframework.test.context.web.ServletTestExecutionListener@a9e8da1, org.springframework.test.context.support.DirtiesContextBeforeModesTestExecutionListener@14b5752f, org.springframework.test.context.event.ApplicationEventsTestExecutionListener@b94703b, org.springframework.boot.test.mock.mockito.MockitoTestExecutionListener@33a47707, org.springframework.boot.test.autoconfigure.SpringBootDependencyInjectionTestExecutionListener@4d290757, org.springframework.test.context.support.DirtiesContextTestExecutionListener@720a1fd0, org.springframework.test.context.transaction.TransactionalTestExecutionListener@5ab7ac02, org.springframework.test.context.jdbc.SqlScriptsTestExecutionListener@4abbe41c, org.springframework.test.context.event.EventPublishingTestExecutionListener@4fad51a3, org.springframework.boot.test.mock.mockito.ResetMocksTestExecutionListener@6d7b2319, org.springframework.boot.test.autoconfigure.restdocs.RestDocsTestExecutionListener@acb5508, org.springframework.boot.test.autoconfigure.web.client.MockRestServiceServerResetTestExecutionListener@1f45db49, org.springframework.boot.test.autoconfigure.web.servlet.MockMvcPrintOnlyOnFailureTestExecutionListener@3ac0a14b, org.springframework.boot.test.autoconfigure.web.servlet.WebDriverTestExecutionListener@e972ee1, org.springframework.boot.test.autoconfigure.webservices.client.MockWebServiceServerTestExecutionListener@5e24592e]
2022-05-22 20:15:29.459  INFO   --- [           main] .b.t.c.SpringBootTestContextBootstrapper : Neither @ContextConfiguration nor @ContextHierarchy found for test class [com.ssafy.happyhouse.VueBackendApplicationTests], using SpringBootContextLoader
2022-05-22 20:15:29.465  INFO   --- [           main] o.s.t.c.support.AbstractContextLoader    : Could not detect default resource locations for test class [com.ssafy.happyhouse.VueBackendApplicationTests]: no resource found for suffixes {-context.xml, Context.groovy}.
2022-05-22 20:15:29.465  INFO   --- [           main] t.c.s.AnnotationConfigContextLoaderUtils : Could not detect default configuration classes for test class [com.ssafy.happyhouse.VueBackendApplicationTests]: VueBackendApplicationTests does not declare any static, non-private, non-final, nested classes annotated with @Configuration.
2022-05-22 20:15:29.530  INFO   --- [           main] .b.t.c.SpringBootTestContextBootstrapper : Found @SpringBootConfiguration com.ssafy.happyhouse.VueBackendApplication for test class com.ssafy.happyhouse.VueBackendApplicationTests
2022-05-22 20:15:29.593  INFO   --- [           main] .b.t.c.SpringBootTestContextBootstrapper : Loaded default TestExecutionListener class names from location [META-INF/spring.factories]: [org.springframework.boot.test.mock.mockito.MockitoTestExecutionListener, org.springframework.boot.test.mock.mockito.ResetMocksTestExecutionListener, org.springframework.boot.test.autoconfigure.restdocs.RestDocsTestExecutionListener, org.springframework.boot.test.autoconfigure.web.client.MockRestServiceServerResetTestExecutionListener, org.springframework.boot.test.autoconfigure.web.servlet.MockMvcPrintOnlyOnFailureTestExecutionListener, org.springframework.boot.test.autoconfigure.web.servlet.WebDriverTestExecutionListener, org.springframework.boot.test.autoconfigure.webservices.client.MockWebServiceServerTestExecutionListener, org.springframework.test.context.web.ServletTestExecutionListener, org.springframework.test.context.support.DirtiesContextBeforeModesTestExecutionListener, org.springframework.test.context.event.ApplicationEventsTestExecutionListener, org.springframework.test.context.support.DependencyInjectionTestExecutionListener, org.springframework.test.context.support.DirtiesContextTestExecutionListener, org.springframework.test.context.transaction.TransactionalTestExecutionListener, org.springframework.test.context.jdbc.SqlScriptsTestExecutionListener, org.springframework.test.context.event.EventPublishingTestExecutionListener]
2022-05-22 20:15:29.603  INFO   --- [           main] .b.t.c.SpringBootTestContextBootstrapper : Using TestExecutionListeners: [org.springframework.test.context.web.ServletTestExecutionListener@1e13529a, org.springframework.test.context.support.DirtiesContextBeforeModesTestExecutionListener@1ec9bd38, org.springframework.test.context.event.ApplicationEventsTestExecutionListener@452e19ca, org.springframework.boot.test.mock.mockito.MockitoTestExecutionListener@6b0d80ed, org.springframework.boot.test.autoconfigure.SpringBootDependencyInjectionTestExecutionListener@6f8e8894, org.springframework.test.context.support.DirtiesContextTestExecutionListener@3cfdd820, org.springframework.test.context.transaction.TransactionalTestExecutionListener@928763c, org.springframework.test.context.jdbc.SqlScriptsTestExecutionListener@e25951c, org.springframework.test.context.event.EventPublishingTestExecutionListener@15f47664, org.springframework.boot.test.mock.mockito.ResetMocksTestExecutionListener@471a9022, org.springframework.boot.test.autoconfigure.restdocs.RestDocsTestExecutionListener@dc9876b, org.springframework.boot.test.autoconfigure.web.client.MockRestServiceServerResetTestExecutionListener@2f666ebb, org.springframework.boot.test.autoconfigure.web.servlet.MockMvcPrintOnlyOnFailureTestExecutionListener@19976a65, org.springframework.boot.test.autoconfigure.web.servlet.WebDriverTestExecutionListener@a1f72f5, org.springframework.boot.test.autoconfigure.webservices.client.MockWebServiceServerTestExecutionListener@4b2c5e02]
2022-05-22 20:15:29.778  WARN 11404 --- [           main] ory$DuplicateJsonObjectContextCustomizer : 

Found multiple occurrences of org.json.JSONObject on the class path:

	jar:file:/C:/Users/%eb%b0%95%ec%9c%a4%ec%a7%84/.m2/repository/com/vaadin/external/google/android-json/0.0.20131108.vaadin1/android-json-0.0.20131108.vaadin1.jar!/org/json/JSONObject.class
	jar:file:/C:/Users/%eb%b0%95%ec%9c%a4%ec%a7%84/.m2/repository/org/json/json/20220320/json-20220320.jar!/org/json/JSONObject.class

You may wish to exclude one of them to ensure predictable runtime behavior

2022-05-22 20:15:30.271  WARN 11404 --- [           main] o.m.s.mapper.ClassPathMapperScanner      : No MyBatis mapper was found in '[com.ssafy.happyhouse]' package. Please check your configuration.
2022-05-22 20:15:31.614  INFO 11404 --- [           main] .b.t.c.SpringBootTestContextBootstrapper : Neither @ContextConfiguration nor @ContextHierarchy found for test class [com.ssafy.vue.QNATest], using SpringBootContextLoader
2022-05-22 20:15:31.615  INFO 11404 --- [           main] o.s.t.c.support.AbstractContextLoader    : Could not detect default resource locations for test class [com.ssafy.vue.QNATest]: no resource found for suffixes {-context.xml, Context.groovy}.
2022-05-22 20:15:31.615  INFO 11404 --- [           main] t.c.s.AnnotationConfigContextLoaderUtils : Could not detect default configuration classes for test class [com.ssafy.vue.QNATest]: QNATest does not declare any static, non-private, non-final, nested classes annotated with @Configuration.
2022-05-22 20:15:31.617  INFO 11404 --- [           main] .b.t.c.SpringBootTestContextBootstrapper : Found @SpringBootConfiguration com.ssafy.vue.VueApiApplication for test class com.ssafy.vue.QNATest
2022-05-22 20:15:31.619  INFO 11404 --- [           main] .b.t.c.SpringBootTestContextBootstrapper : Loaded default TestExecutionListener class names from location [META-INF/spring.factories]: [org.springframework.boot.test.mock.mockito.MockitoTestExecutionListener, org.springframework.boot.test.mock.mockito.ResetMocksTestExecutionListener, org.springframework.boot.test.autoconfigure.restdocs.RestDocsTestExecutionListener, org.springframework.boot.test.autoconfigure.web.client.MockRestServiceServerResetTestExecutionListener, org.springframework.boot.test.autoconfigure.web.servlet.MockMvcPrintOnlyOnFailureTestExecutionListener, org.springframework.boot.test.autoconfigure.web.servlet.WebDriverTestExecutionListener, org.springframework.boot.test.autoconfigure.webservices.client.MockWebServiceServerTestExecutionListener, org.springframework.test.context.web.ServletTestExecutionListener, org.springframework.test.context.support.DirtiesContextBeforeModesTestExecutionListener, org.springframework.test.context.event.ApplicationEventsTestExecutionListener, org.springframework.test.context.support.DependencyInjectionTestExecutionListener, org.springframework.test.context.support.DirtiesContextTestExecutionListener, org.springframework.test.context.transaction.TransactionalTestExecutionListener, org.springframework.test.context.jdbc.SqlScriptsTestExecutionListener, org.springframework.test.context.event.EventPublishingTestExecutionListener]
2022-05-22 20:15:31.620  INFO 11404 --- [           main] .b.t.c.SpringBootTestContextBootstrapper : Using TestExecutionListeners: [org.springframework.test.context.web.ServletTestExecutionListener@48cd319d, org.springframework.test.context.support.DirtiesContextBeforeModesTestExecutionListener@6f38f084, org.springframework.test.context.event.ApplicationEventsTestExecutionListener@4ef18604, org.springframework.boot.test.mock.mockito.MockitoTestExecutionListener@372f0a99, org.springframework.boot.test.autoconfigure.SpringBootDependencyInjectionTestExecutionListener@16cf8438, org.springframework.test.context.support.DirtiesContextTestExecutionListener@3e5beab5, org.springframework.test.context.transaction.TransactionalTestExecutionListener@7c588adc, org.springframework.test.context.jdbc.SqlScriptsTestExecutionListener@33ec2c0c, org.springframework.test.context.event.EventPublishingTestExecutionListener@5968800d, org.springframework.boot.test.mock.mockito.ResetMocksTestExecutionListener@3887c7d7, org.springframework.boot.test.autoconfigure.restdocs.RestDocsTestExecutionListener@b1b471, org.springframework.boot.test.autoconfigure.web.client.MockRestServiceServerResetTestExecutionListener@526f6427, org.springframework.boot.test.autoconfigure.web.servlet.MockMvcPrintOnlyOnFailureTestExecutionListener@4f1afe8f, org.springframework.boot.test.autoconfigure.web.servlet.WebDriverTestExecutionListener@492521c4, org.springframework.boot.test.autoconfigure.webservices.client.MockWebServiceServerTestExecutionListener@443a06ad]
2022-05-22 20:15:31.636  WARN 11404 --- [           main] ory$DuplicateJsonObjectContextCustomizer : 

Found multiple occurrences of org.json.JSONObject on the class path:

	jar:file:/C:/Users/%eb%b0%95%ec%9c%a4%ec%a7%84/.m2/repository/com/vaadin/external/google/android-json/0.0.20131108.vaadin1/android-json-0.0.20131108.vaadin1.jar!/org/json/JSONObject.class
	jar:file:/C:/Users/%eb%b0%95%ec%9c%a4%ec%a7%84/.m2/repository/org/json/json/20220320/json-20220320.jar!/org/json/JSONObject.class

You may wish to exclude one of them to ensure predictable runtime behavior

2022-05-22 20:15:32.658  INFO 11404 --- [           main] .b.t.c.SpringBootTestContextBootstrapper : Neither @ContextConfiguration nor @ContextHierarchy found for test class [com.ssafy.vue.Ws04272ApplicationTests], using SpringBootContextLoader
2022-05-22 20:15:32.658  INFO 11404 --- [           main] o.s.t.c.support.AbstractContextLoader    : Could not detect default resource locations for test class [com.ssafy.vue.Ws04272ApplicationTests]: no resource found for suffixes {-context.xml, Context.groovy}.
2022-05-22 20:15:32.658  INFO 11404 --- [           main] t.c.s.AnnotationConfigContextLoaderUtils : Could not detect default configuration classes for test class [com.ssafy.vue.Ws04272ApplicationTests]: Ws04272ApplicationTests does not declare any static, non-private, non-final, nested classes annotated with @Configuration.
2022-05-22 20:15:32.659  INFO 11404 --- [           main] .b.t.c.SpringBootTestContextBootstrapper : Found @SpringBootConfiguration com.ssafy.vue.VueApiApplication for test class com.ssafy.vue.Ws04272ApplicationTests
2022-05-22 20:15:32.660  INFO 11404 --- [           main] .b.t.c.SpringBootTestContextBootstrapper : Loaded default TestExecutionListener class names from location [META-INF/spring.factories]: [org.springframework.boot.test.mock.mockito.MockitoTestExecutionListener, org.springframework.boot.test.mock.mockito.ResetMocksTestExecutionListener, org.springframework.boot.test.autoconfigure.restdocs.RestDocsTestExecutionListener, org.springframework.boot.test.autoconfigure.web.client.MockRestServiceServerResetTestExecutionListener, org.springframework.boot.test.autoconfigure.web.servlet.MockMvcPrintOnlyOnFailureTestExecutionListener, org.springframework.boot.test.autoconfigure.web.servlet.WebDriverTestExecutionListener, org.springframework.boot.test.autoconfigure.webservices.client.MockWebServiceServerTestExecutionListener, org.springframework.test.context.web.ServletTestExecutionListener, org.springframework.test.context.support.DirtiesContextBeforeModesTestExecutionListener, org.springframework.test.context.event.ApplicationEventsTestExecutionListener, org.springframework.test.context.support.DependencyInjectionTestExecutionListener, org.springframework.test.context.support.DirtiesContextTestExecutionListener, org.springframework.test.context.transaction.TransactionalTestExecutionListener, org.springframework.test.context.jdbc.SqlScriptsTestExecutionListener, org.springframework.test.context.event.EventPublishingTestExecutionListener]
2022-05-22 20:15:32.660  INFO 11404 --- [           main] .b.t.c.SpringBootTestContextBootstrapper : Using TestExecutionListeners: [org.springframework.test.context.web.ServletTestExecutionListener@5e541ef9, org.springframework.test.context.support.DirtiesContextBeforeModesTestExecutionListener@38054d01, org.springframework.test.context.event.ApplicationEventsTestExecutionListener@28ce75ec, org.springframework.boot.test.mock.mockito.MockitoTestExecutionListener@778113f2, org.springframework.boot.test.autoconfigure.SpringBootDependencyInjectionTestExecutionListener@9dc782d, org.springframework.test.context.support.DirtiesContextTestExecutionListener@1ba35152, org.springframework.test.context.transaction.TransactionalTestExecutionListener@401926df, org.springframework.test.context.jdbc.SqlScriptsTestExecutionListener@3ff8a3ad, org.springframework.test.context.event.EventPublishingTestExecutionListener@550fa96f, org.springframework.boot.test.mock.mockito.ResetMocksTestExecutionListener@54275b5d, org.springframework.boot.test.autoconfigure.restdocs.RestDocsTestExecutionListener@5d01b0d8, org.springframework.boot.test.autoconfigure.web.client.MockRestServiceServerResetTestExecutionListener@271e851e, org.springframework.boot.test.autoconfigure.web.servlet.MockMvcPrintOnlyOnFailureTestExecutionListener@ff21443, org.springframework.boot.test.autoconfigure.web.servlet.WebDriverTestExecutionListener@61e14b53, org.springframework.boot.test.autoconfigure.webservices.client.MockWebServiceServerTestExecutionListener@31b6b0c7]
2022-05-22 20:15:32.665  INFO 11404 --- [           main] .b.t.c.SpringBootTestContextBootstrapper : Neither @ContextConfiguration nor @ContextHierarchy found for test class [com.ssafy.vue.VueApiApplicationTests], using SpringBootContextLoader
2022-05-22 20:15:32.666  INFO 11404 --- [           main] o.s.t.c.support.AbstractContextLoader    : Could not detect default resource locations for test class [com.ssafy.vue.VueApiApplicationTests]: no resource found for suffixes {-context.xml, Context.groovy}.
2022-05-22 20:15:32.666  INFO 11404 --- [           main] t.c.s.AnnotationConfigContextLoaderUtils : Could not detect default configuration classes for test class [com.ssafy.vue.VueApiApplicationTests]: VueApiApplicationTests does not declare any static, non-private, non-final, nested classes annotated with @Configuration.
2022-05-22 20:15:32.666  INFO 11404 --- [           main] .b.t.c.SpringBootTestContextBootstrapper : Found @SpringBootConfiguration com.ssafy.vue.VueApiApplication for test class com.ssafy.vue.VueApiApplicationTests
2022-05-22 20:15:32.667  INFO 11404 --- [           main] .b.t.c.SpringBootTestContextBootstrapper : Loaded default TestExecutionListener class names from location [META-INF/spring.factories]: [org.springframework.boot.test.mock.mockito.MockitoTestExecutionListener, org.springframework.boot.test.mock.mockito.ResetMocksTestExecutionListener, org.springframework.boot.test.autoconfigure.restdocs.RestDocsTestExecutionListener, org.springframework.boot.test.autoconfigure.web.client.MockRestServiceServerResetTestExecutionListener, org.springframework.boot.test.autoconfigure.web.servlet.MockMvcPrintOnlyOnFailureTestExecutionListener, org.springframework.boot.test.autoconfigure.web.servlet.WebDriverTestExecutionListener, org.springframework.boot.test.autoconfigure.webservices.client.MockWebServiceServerTestExecutionListener, org.springframework.test.context.web.ServletTestExecutionListener, org.springframework.test.context.support.DirtiesContextBeforeModesTestExecutionListener, org.springframework.test.context.event.ApplicationEventsTestExecutionListener, org.springframework.test.context.support.DependencyInjectionTestExecutionListener, org.springframework.test.context.support.DirtiesContextTestExecutionListener, org.springframework.test.context.transaction.TransactionalTestExecutionListener, org.springframework.test.context.jdbc.SqlScriptsTestExecutionListener, org.springframework.test.context.event.EventPublishingTestExecutionListener]
2022-05-22 20:15:32.668  INFO 11404 --- [           main] .b.t.c.SpringBootTestContextBootstrapper : Using TestExecutionListeners: [org.springframework.test.context.web.ServletTestExecutionListener@6253e59a, org.springframework.test.context.support.DirtiesContextBeforeModesTestExecutionListener@7d1cb59f, org.springframework.test.context.event.ApplicationEventsTestExecutionListener@16ccd2bc, org.springframework.boot.test.mock.mockito.MockitoTestExecutionListener@12f8682a, org.springframework.boot.test.autoconfigure.SpringBootDependencyInjectionTestExecutionListener@6f7a20da, org.springframework.test.context.support.DirtiesContextTestExecutionListener@7752c0e7, org.springframework.test.context.transaction.TransactionalTestExecutionListener@77ba583, org.springframework.test.context.jdbc.SqlScriptsTestExecutionListener@5613247e, org.springframework.test.context.event.EventPublishingTestExecutionListener@6851b296, org.springframework.boot.test.mock.mockito.ResetMocksTestExecutionListener@9e50283, org.springframework.boot.test.autoconfigure.restdocs.RestDocsTestExecutionListener@5368e981, org.springframework.boot.test.autoconfigure.web.client.MockRestServiceServerResetTestExecutionListener@1c171746, org.springframework.boot.test.autoconfigure.web.servlet.MockMvcPrintOnlyOnFailureTestExecutionListener@79b7c350, org.springframework.boot.test.autoconfigure.web.servlet.WebDriverTestExecutionListener@586737ff, org.springframework.boot.test.autoconfigure.webservices.client.MockWebServiceServerTestExecutionListener@4cd7e993]
2022-05-22 20:16:06.194  INFO   --- [           main] .b.t.c.SpringBootTestContextBootstrapper : Neither @ContextConfiguration nor @ContextHierarchy found for test class [com.ssafy.happyhouse.VueBackendApplicationTests], using SpringBootContextLoader
2022-05-22 20:16:06.199  INFO   --- [           main] o.s.t.c.support.AbstractContextLoader    : Could not detect default resource locations for test class [com.ssafy.happyhouse.VueBackendApplicationTests]: no resource found for suffixes {-context.xml, Context.groovy}.
2022-05-22 20:16:06.199  INFO   --- [           main] t.c.s.AnnotationConfigContextLoaderUtils : Could not detect default configuration classes for test class [com.ssafy.happyhouse.VueBackendApplicationTests]: VueBackendApplicationTests does not declare any static, non-private, non-final, nested classes annotated with @Configuration.
2022-05-22 20:16:06.263  INFO   --- [           main] .b.t.c.SpringBootTestContextBootstrapper : Found @SpringBootConfiguration com.ssafy.happyhouse.VueBackendApplication for test class com.ssafy.happyhouse.VueBackendApplicationTests
2022-05-22 20:16:06.324  INFO   --- [           main] .b.t.c.SpringBootTestContextBootstrapper : Loaded default TestExecutionListener class names from location [META-INF/spring.factories]: [org.springframework.boot.test.mock.mockito.MockitoTestExecutionListener, org.springframework.boot.test.mock.mockito.ResetMocksTestExecutionListener, org.springframework.boot.test.autoconfigure.restdocs.RestDocsTestExecutionListener, org.springframework.boot.test.autoconfigure.web.client.MockRestServiceServerResetTestExecutionListener, org.springframework.boot.test.autoconfigure.web.servlet.MockMvcPrintOnlyOnFailureTestExecutionListener, org.springframework.boot.test.autoconfigure.web.servlet.WebDriverTestExecutionListener, org.springframework.boot.test.autoconfigure.webservices.client.MockWebServiceServerTestExecutionListener, org.springframework.test.context.web.ServletTestExecutionListener, org.springframework.test.context.support.DirtiesContextBeforeModesTestExecutionListener, org.springframework.test.context.event.ApplicationEventsTestExecutionListener, org.springframework.test.context.support.DependencyInjectionTestExecutionListener, org.springframework.test.context.support.DirtiesContextTestExecutionListener, org.springframework.test.context.transaction.TransactionalTestExecutionListener, org.springframework.test.context.jdbc.SqlScriptsTestExecutionListener, org.springframework.test.context.event.EventPublishingTestExecutionListener]
2022-05-22 20:16:06.333  INFO   --- [           main] .b.t.c.SpringBootTestContextBootstrapper : Using TestExecutionListeners: [org.springframework.test.context.web.ServletTestExecutionListener@1e13529a, org.springframework.test.context.support.DirtiesContextBeforeModesTestExecutionListener@1ec9bd38, org.springframework.test.context.event.ApplicationEventsTestExecutionListener@452e19ca, org.springframework.boot.test.mock.mockito.MockitoTestExecutionListener@6b0d80ed, org.springframework.boot.test.autoconfigure.SpringBootDependencyInjectionTestExecutionListener@6f8e8894, org.springframework.test.context.support.DirtiesContextTestExecutionListener@3cfdd820, org.springframework.test.context.transaction.TransactionalTestExecutionListener@928763c, org.springframework.test.context.jdbc.SqlScriptsTestExecutionListener@e25951c, org.springframework.test.context.event.EventPublishingTestExecutionListener@15f47664, org.springframework.boot.test.mock.mockito.ResetMocksTestExecutionListener@471a9022, org.springframework.boot.test.autoconfigure.restdocs.RestDocsTestExecutionListener@dc9876b, org.springframework.boot.test.autoconfigure.web.client.MockRestServiceServerResetTestExecutionListener@2f666ebb, org.springframework.boot.test.autoconfigure.web.servlet.MockMvcPrintOnlyOnFailureTestExecutionListener@19976a65, org.springframework.boot.test.autoconfigure.web.servlet.WebDriverTestExecutionListener@a1f72f5, org.springframework.boot.test.autoconfigure.webservices.client.MockWebServiceServerTestExecutionListener@4b2c5e02]
2022-05-22 20:16:06.500  WARN 23496 --- [           main] ory$DuplicateJsonObjectContextCustomizer : 

Found multiple occurrences of org.json.JSONObject on the class path:

	jar:file:/C:/Users/%eb%b0%95%ec%9c%a4%ec%a7%84/.m2/repository/com/vaadin/external/google/android-json/0.0.20131108.vaadin1/android-json-0.0.20131108.vaadin1.jar!/org/json/JSONObject.class
	jar:file:/C:/Users/%eb%b0%95%ec%9c%a4%ec%a7%84/.m2/repository/org/json/json/20220320/json-20220320.jar!/org/json/JSONObject.class

You may wish to exclude one of them to ensure predictable runtime behavior

2022-05-22 20:16:06.979  WARN 23496 --- [           main] o.m.s.mapper.ClassPathMapperScanner      : No MyBatis mapper was found in '[com.ssafy.happyhouse]' package. Please check your configuration.
2022-05-22 20:16:08.347  INFO 23496 --- [           main] .b.t.c.SpringBootTestContextBootstrapper : Neither @ContextConfiguration nor @ContextHierarchy found for test class [com.ssafy.vue.QNATest], using SpringBootContextLoader
2022-05-22 20:16:08.347  INFO 23496 --- [           main] o.s.t.c.support.AbstractContextLoader    : Could not detect default resource locations for test class [com.ssafy.vue.QNATest]: no resource found for suffixes {-context.xml, Context.groovy}.
2022-05-22 20:16:08.347  INFO 23496 --- [           main] t.c.s.AnnotationConfigContextLoaderUtils : Could not detect default configuration classes for test class [com.ssafy.vue.QNATest]: QNATest does not declare any static, non-private, non-final, nested classes annotated with @Configuration.
2022-05-22 20:16:08.349  INFO 23496 --- [           main] .b.t.c.SpringBootTestContextBootstrapper : Found @SpringBootConfiguration com.ssafy.vue.VueApiApplication for test class com.ssafy.vue.QNATest
2022-05-22 20:16:08.351  INFO 23496 --- [           main] .b.t.c.SpringBootTestContextBootstrapper : Loaded default TestExecutionListener class names from location [META-INF/spring.factories]: [org.springframework.boot.test.mock.mockito.MockitoTestExecutionListener, org.springframework.boot.test.mock.mockito.ResetMocksTestExecutionListener, org.springframework.boot.test.autoconfigure.restdocs.RestDocsTestExecutionListener, org.springframework.boot.test.autoconfigure.web.client.MockRestServiceServerResetTestExecutionListener, org.springframework.boot.test.autoconfigure.web.servlet.MockMvcPrintOnlyOnFailureTestExecutionListener, org.springframework.boot.test.autoconfigure.web.servlet.WebDriverTestExecutionListener, org.springframework.boot.test.autoconfigure.webservices.client.MockWebServiceServerTestExecutionListener, org.springframework.test.context.web.ServletTestExecutionListener, org.springframework.test.context.support.DirtiesContextBeforeModesTestExecutionListener, org.springframework.test.context.event.ApplicationEventsTestExecutionListener, org.springframework.test.context.support.DependencyInjectionTestExecutionListener, org.springframework.test.context.support.DirtiesContextTestExecutionListener, org.springframework.test.context.transaction.TransactionalTestExecutionListener, org.springframework.test.context.jdbc.SqlScriptsTestExecutionListener, org.springframework.test.context.event.EventPublishingTestExecutionListener]
2022-05-22 20:16:08.351  INFO 23496 --- [           main] .b.t.c.SpringBootTestContextBootstrapper : Using TestExecutionListeners: [org.springframework.test.context.web.ServletTestExecutionListener@38732364, org.springframework.test.context.support.DirtiesContextBeforeModesTestExecutionListener@7c70aae1, org.springframework.test.context.event.ApplicationEventsTestExecutionListener@48cd319d, org.springframework.boot.test.mock.mockito.MockitoTestExecutionListener@6f38f084, org.springframework.boot.test.autoconfigure.SpringBootDependencyInjectionTestExecutionListener@4ef18604, org.springframework.test.context.support.DirtiesContextTestExecutionListener@372f0a99, org.springframework.test.context.transaction.TransactionalTestExecutionListener@16cf8438, org.springframework.test.context.jdbc.SqlScriptsTestExecutionListener@3e5beab5, org.springframework.test.context.event.EventPublishingTestExecutionListener@7c588adc, org.springframework.boot.test.mock.mockito.ResetMocksTestExecutionListener@33ec2c0c, org.springframework.boot.test.autoconfigure.restdocs.RestDocsTestExecutionListener@5968800d, org.springframework.boot.test.autoconfigure.web.client.MockRestServiceServerResetTestExecutionListener@3887c7d7, org.springframework.boot.test.autoconfigure.web.servlet.MockMvcPrintOnlyOnFailureTestExecutionListener@b1b471, org.springframework.boot.test.autoconfigure.web.servlet.WebDriverTestExecutionListener@526f6427, org.springframework.boot.test.autoconfigure.webservices.client.MockWebServiceServerTestExecutionListener@4f1afe8f]
2022-05-22 20:16:08.366  WARN 23496 --- [           main] ory$DuplicateJsonObjectContextCustomizer : 

Found multiple occurrences of org.json.JSONObject on the class path:

	jar:file:/C:/Users/%eb%b0%95%ec%9c%a4%ec%a7%84/.m2/repository/com/vaadin/external/google/android-json/0.0.20131108.vaadin1/android-json-0.0.20131108.vaadin1.jar!/org/json/JSONObject.class
	jar:file:/C:/Users/%eb%b0%95%ec%9c%a4%ec%a7%84/.m2/repository/org/json/json/20220320/json-20220320.jar!/org/json/JSONObject.class

You may wish to exclude one of them to ensure predictable runtime behavior

2022-05-22 20:16:09.324  INFO 23496 --- [           main] .b.t.c.SpringBootTestContextBootstrapper : Neither @ContextConfiguration nor @ContextHierarchy found for test class [com.ssafy.vue.Ws04272ApplicationTests], using SpringBootContextLoader
2022-05-22 20:16:09.324  INFO 23496 --- [           main] o.s.t.c.support.AbstractContextLoader    : Could not detect default resource locations for test class [com.ssafy.vue.Ws04272ApplicationTests]: no resource found for suffixes {-context.xml, Context.groovy}.
2022-05-22 20:16:09.324  INFO 23496 --- [           main] t.c.s.AnnotationConfigContextLoaderUtils : Could not detect default configuration classes for test class [com.ssafy.vue.Ws04272ApplicationTests]: Ws04272ApplicationTests does not declare any static, non-private, non-final, nested classes annotated with @Configuration.
2022-05-22 20:16:09.325  INFO 23496 --- [           main] .b.t.c.SpringBootTestContextBootstrapper : Found @SpringBootConfiguration com.ssafy.vue.VueApiApplication for test class com.ssafy.vue.Ws04272ApplicationTests
2022-05-22 20:16:09.326  INFO 23496 --- [           main] .b.t.c.SpringBootTestContextBootstrapper : Loaded default TestExecutionListener class names from location [META-INF/spring.factories]: [org.springframework.boot.test.mock.mockito.MockitoTestExecutionListener, org.springframework.boot.test.mock.mockito.ResetMocksTestExecutionListener, org.springframework.boot.test.autoconfigure.restdocs.RestDocsTestExecutionListener, org.springframework.boot.test.autoconfigure.web.client.MockRestServiceServerResetTestExecutionListener, org.springframework.boot.test.autoconfigure.web.servlet.MockMvcPrintOnlyOnFailureTestExecutionListener, org.springframework.boot.test.autoconfigure.web.servlet.WebDriverTestExecutionListener, org.springframework.boot.test.autoconfigure.webservices.client.MockWebServiceServerTestExecutionListener, org.springframework.test.context.web.ServletTestExecutionListener, org.springframework.test.context.support.DirtiesContextBeforeModesTestExecutionListener, org.springframework.test.context.event.ApplicationEventsTestExecutionListener, org.springframework.test.context.support.DependencyInjectionTestExecutionListener, org.springframework.test.context.support.DirtiesContextTestExecutionListener, org.springframework.test.context.transaction.TransactionalTestExecutionListener, org.springframework.test.context.jdbc.SqlScriptsTestExecutionListener, org.springframework.test.context.event.EventPublishingTestExecutionListener]
2022-05-22 20:16:09.326  INFO 23496 --- [           main] .b.t.c.SpringBootTestContextBootstrapper : Using TestExecutionListeners: [org.springframework.test.context.web.ServletTestExecutionListener@38e00b47, org.springframework.test.context.support.DirtiesContextBeforeModesTestExecutionListener@2a631049, org.springframework.test.context.event.ApplicationEventsTestExecutionListener@425b5fe2, org.springframework.boot.test.mock.mockito.MockitoTestExecutionListener@3eec8583, org.springframework.boot.test.autoconfigure.SpringBootDependencyInjectionTestExecutionListener@66e1b2a, org.springframework.test.context.support.DirtiesContextTestExecutionListener@343db2f6, org.springframework.test.context.transaction.TransactionalTestExecutionListener@2c815fdc, org.springframework.test.context.jdbc.SqlScriptsTestExecutionListener@769b0752, org.springframework.test.context.event.EventPublishingTestExecutionListener@dae5e0, org.springframework.boot.test.mock.mockito.ResetMocksTestExecutionListener@59a94d0f, org.springframework.boot.test.autoconfigure.restdocs.RestDocsTestExecutionListener@7ff09659, org.springframework.boot.test.autoconfigure.web.client.MockRestServiceServerResetTestExecutionListener@517fbf62, org.springframework.boot.test.autoconfigure.web.servlet.MockMvcPrintOnlyOnFailureTestExecutionListener@65db548, org.springframework.boot.test.autoconfigure.web.servlet.WebDriverTestExecutionListener@150f41b9, org.springframework.boot.test.autoconfigure.webservices.client.MockWebServiceServerTestExecutionListener@6e364f1f]
2022-05-22 20:16:09.330  INFO 23496 --- [           main] .b.t.c.SpringBootTestContextBootstrapper : Neither @ContextConfiguration nor @ContextHierarchy found for test class [com.ssafy.vue.VueApiApplicationTests], using SpringBootContextLoader
2022-05-22 20:16:09.331  INFO 23496 --- [           main] o.s.t.c.support.AbstractContextLoader    : Could not detect default resource locations for test class [com.ssafy.vue.VueApiApplicationTests]: no resource found for suffixes {-context.xml, Context.groovy}.
2022-05-22 20:16:09.331  INFO 23496 --- [           main] t.c.s.AnnotationConfigContextLoaderUtils : Could not detect default configuration classes for test class [com.ssafy.vue.VueApiApplicationTests]: VueApiApplicationTests does not declare any static, non-private, non-final, nested classes annotated with @Configuration.
2022-05-22 20:16:09.331  INFO 23496 --- [           main] .b.t.c.SpringBootTestContextBootstrapper : Found @SpringBootConfiguration com.ssafy.vue.VueApiApplication for test class com.ssafy.vue.VueApiApplicationTests
2022-05-22 20:16:09.332  INFO 23496 --- [           main] .b.t.c.SpringBootTestContextBootstrapper : Loaded default TestExecutionListener class names from location [META-INF/spring.factories]: [org.springframework.boot.test.mock.mockito.MockitoTestExecutionListener, org.springframework.boot.test.mock.mockito.ResetMocksTestExecutionListener, org.springframework.boot.test.autoconfigure.restdocs.RestDocsTestExecutionListener, org.springframework.boot.test.autoconfigure.web.client.MockRestServiceServerResetTestExecutionListener, org.springframework.boot.test.autoconfigure.web.servlet.MockMvcPrintOnlyOnFailureTestExecutionListener, org.springframework.boot.test.autoconfigure.web.servlet.WebDriverTestExecutionListener, org.springframework.boot.test.autoconfigure.webservices.client.MockWebServiceServerTestExecutionListener, org.springframework.test.context.web.ServletTestExecutionListener, org.springframework.test.context.support.DirtiesContextBeforeModesTestExecutionListener, org.springframework.test.context.event.ApplicationEventsTestExecutionListener, org.springframework.test.context.support.DependencyInjectionTestExecutionListener, org.springframework.test.context.support.DirtiesContextTestExecutionListener, org.springframework.test.context.transaction.TransactionalTestExecutionListener, org.springframework.test.context.jdbc.SqlScriptsTestExecutionListener, org.springframework.test.context.event.EventPublishingTestExecutionListener]
2022-05-22 20:16:09.332  INFO 23496 --- [           main] .b.t.c.SpringBootTestContextBootstrapper : Using TestExecutionListeners: [org.springframework.test.context.web.ServletTestExecutionListener@429e7914, org.springframework.test.context.support.DirtiesContextBeforeModesTestExecutionListener@298263fa, org.springframework.test.context.event.ApplicationEventsTestExecutionListener@466fedfa, org.springframework.boot.test.mock.mockito.MockitoTestExecutionListener@1a7d0c9f, org.springframework.boot.test.autoconfigure.SpringBootDependencyInjectionTestExecutionListener@2b1a901d, org.springframework.test.context.support.DirtiesContextTestExecutionListener@11bdab37, org.springframework.test.context.transaction.TransactionalTestExecutionListener@280484c7, org.springframework.test.context.jdbc.SqlScriptsTestExecutionListener@5a6f6cac, org.springframework.test.context.event.EventPublishingTestExecutionListener@258a8584, org.springframework.boot.test.mock.mockito.ResetMocksTestExecutionListener@59127611, org.springframework.boot.test.autoconfigure.restdocs.RestDocsTestExecutionListener@553ce348, org.springframework.boot.test.autoconfigure.web.client.MockRestServiceServerResetTestExecutionListener@7417ef4f, org.springframework.boot.test.autoconfigure.web.servlet.MockMvcPrintOnlyOnFailureTestExecutionListener@5c0e2ec, org.springframework.boot.test.autoconfigure.web.servlet.WebDriverTestExecutionListener@4fa8bebb, org.springframework.boot.test.autoconfigure.webservices.client.MockWebServiceServerTestExecutionListener@7d3c22a5]
2022-05-22 20:17:45.002  INFO   --- [           main] .b.t.c.SpringBootTestContextBootstrapper : Neither @ContextConfiguration nor @ContextHierarchy found for test class [com.ssafy.happyhouse.VueBackendApplicationTests], using SpringBootContextLoader
2022-05-22 20:17:45.006  INFO   --- [           main] o.s.t.c.support.AbstractContextLoader    : Could not detect default resource locations for test class [com.ssafy.happyhouse.VueBackendApplicationTests]: no resource found for suffixes {-context.xml, Context.groovy}.
2022-05-22 20:17:45.007  INFO   --- [           main] t.c.s.AnnotationConfigContextLoaderUtils : Could not detect default configuration classes for test class [com.ssafy.happyhouse.VueBackendApplicationTests]: VueBackendApplicationTests does not declare any static, non-private, non-final, nested classes annotated with @Configuration.
2022-05-22 20:17:45.067  INFO   --- [           main] .b.t.c.SpringBootTestContextBootstrapper : Found @SpringBootConfiguration com.ssafy.happyhouse.VueBackendApplication for test class com.ssafy.happyhouse.VueBackendApplicationTests
2022-05-22 20:17:45.131  INFO   --- [           main] .b.t.c.SpringBootTestContextBootstrapper : Loaded default TestExecutionListener class names from location [META-INF/spring.factories]: [org.springframework.boot.test.mock.mockito.MockitoTestExecutionListener, org.springframework.boot.test.mock.mockito.ResetMocksTestExecutionListener, org.springframework.boot.test.autoconfigure.restdocs.RestDocsTestExecutionListener, org.springframework.boot.test.autoconfigure.web.client.MockRestServiceServerResetTestExecutionListener, org.springframework.boot.test.autoconfigure.web.servlet.MockMvcPrintOnlyOnFailureTestExecutionListener, org.springframework.boot.test.autoconfigure.web.servlet.WebDriverTestExecutionListener, org.springframework.boot.test.autoconfigure.webservices.client.MockWebServiceServerTestExecutionListener, org.springframework.test.context.web.ServletTestExecutionListener, org.springframework.test.context.support.DirtiesContextBeforeModesTestExecutionListener, org.springframework.test.context.event.ApplicationEventsTestExecutionListener, org.springframework.test.context.support.DependencyInjectionTestExecutionListener, org.springframework.test.context.support.DirtiesContextTestExecutionListener, org.springframework.test.context.transaction.TransactionalTestExecutionListener, org.springframework.test.context.jdbc.SqlScriptsTestExecutionListener, org.springframework.test.context.event.EventPublishingTestExecutionListener]
2022-05-22 20:17:45.140  INFO   --- [           main] .b.t.c.SpringBootTestContextBootstrapper : Using TestExecutionListeners: [org.springframework.test.context.web.ServletTestExecutionListener@1e13529a, org.springframework.test.context.support.DirtiesContextBeforeModesTestExecutionListener@1ec9bd38, org.springframework.test.context.event.ApplicationEventsTestExecutionListener@452e19ca, org.springframework.boot.test.mock.mockito.MockitoTestExecutionListener@6b0d80ed, org.springframework.boot.test.autoconfigure.SpringBootDependencyInjectionTestExecutionListener@6f8e8894, org.springframework.test.context.support.DirtiesContextTestExecutionListener@3cfdd820, org.springframework.test.context.transaction.TransactionalTestExecutionListener@928763c, org.springframework.test.context.jdbc.SqlScriptsTestExecutionListener@e25951c, org.springframework.test.context.event.EventPublishingTestExecutionListener@15f47664, org.springframework.boot.test.mock.mockito.ResetMocksTestExecutionListener@471a9022, org.springframework.boot.test.autoconfigure.restdocs.RestDocsTestExecutionListener@dc9876b, org.springframework.boot.test.autoconfigure.web.client.MockRestServiceServerResetTestExecutionListener@2f666ebb, org.springframework.boot.test.autoconfigure.web.servlet.MockMvcPrintOnlyOnFailureTestExecutionListener@19976a65, org.springframework.boot.test.autoconfigure.web.servlet.WebDriverTestExecutionListener@a1f72f5, org.springframework.boot.test.autoconfigure.webservices.client.MockWebServiceServerTestExecutionListener@4b2c5e02]
2022-05-22 20:17:45.326  WARN 27128 --- [           main] ory$DuplicateJsonObjectContextCustomizer : 

Found multiple occurrences of org.json.JSONObject on the class path:

	jar:file:/C:/Users/%eb%b0%95%ec%9c%a4%ec%a7%84/.m2/repository/com/vaadin/external/google/android-json/0.0.20131108.vaadin1/android-json-0.0.20131108.vaadin1.jar!/org/json/JSONObject.class
	jar:file:/C:/Users/%eb%b0%95%ec%9c%a4%ec%a7%84/.m2/repository/org/json/json/20220320/json-20220320.jar!/org/json/JSONObject.class

You may wish to exclude one of them to ensure predictable runtime behavior

2022-05-22 20:17:45.815  WARN 27128 --- [           main] o.m.s.mapper.ClassPathMapperScanner      : No MyBatis mapper was found in '[com.ssafy.happyhouse]' package. Please check your configuration.
2022-05-22 20:17:47.178  INFO 27128 --- [           main] .b.t.c.SpringBootTestContextBootstrapper : Neither @ContextConfiguration nor @ContextHierarchy found for test class [com.ssafy.vue.QNATest], using SpringBootContextLoader
2022-05-22 20:17:47.178  INFO 27128 --- [           main] o.s.t.c.support.AbstractContextLoader    : Could not detect default resource locations for test class [com.ssafy.vue.QNATest]: no resource found for suffixes {-context.xml, Context.groovy}.
2022-05-22 20:17:47.179  INFO 27128 --- [           main] t.c.s.AnnotationConfigContextLoaderUtils : Could not detect default configuration classes for test class [com.ssafy.vue.QNATest]: QNATest does not declare any static, non-private, non-final, nested classes annotated with @Configuration.
2022-05-22 20:17:47.181  INFO 27128 --- [           main] .b.t.c.SpringBootTestContextBootstrapper : Found @SpringBootConfiguration com.ssafy.vue.VueApiApplication for test class com.ssafy.vue.QNATest
2022-05-22 20:17:47.183  INFO 27128 --- [           main] .b.t.c.SpringBootTestContextBootstrapper : Loaded default TestExecutionListener class names from location [META-INF/spring.factories]: [org.springframework.boot.test.mock.mockito.MockitoTestExecutionListener, org.springframework.boot.test.mock.mockito.ResetMocksTestExecutionListener, org.springframework.boot.test.autoconfigure.restdocs.RestDocsTestExecutionListener, org.springframework.boot.test.autoconfigure.web.client.MockRestServiceServerResetTestExecutionListener, org.springframework.boot.test.autoconfigure.web.servlet.MockMvcPrintOnlyOnFailureTestExecutionListener, org.springframework.boot.test.autoconfigure.web.servlet.WebDriverTestExecutionListener, org.springframework.boot.test.autoconfigure.webservices.client.MockWebServiceServerTestExecutionListener, org.springframework.test.context.web.ServletTestExecutionListener, org.springframework.test.context.support.DirtiesContextBeforeModesTestExecutionListener, org.springframework.test.context.event.ApplicationEventsTestExecutionListener, org.springframework.test.context.support.DependencyInjectionTestExecutionListener, org.springframework.test.context.support.DirtiesContextTestExecutionListener, org.springframework.test.context.transaction.TransactionalTestExecutionListener, org.springframework.test.context.jdbc.SqlScriptsTestExecutionListener, org.springframework.test.context.event.EventPublishingTestExecutionListener]
2022-05-22 20:17:47.184  INFO 27128 --- [           main] .b.t.c.SpringBootTestContextBootstrapper : Using TestExecutionListeners: [org.springframework.test.context.web.ServletTestExecutionListener@48cd319d, org.springframework.test.context.support.DirtiesContextBeforeModesTestExecutionListener@6f38f084, org.springframework.test.context.event.ApplicationEventsTestExecutionListener@4ef18604, org.springframework.boot.test.mock.mockito.MockitoTestExecutionListener@372f0a99, org.springframework.boot.test.autoconfigure.SpringBootDependencyInjectionTestExecutionListener@16cf8438, org.springframework.test.context.support.DirtiesContextTestExecutionListener@3e5beab5, org.springframework.test.context.transaction.TransactionalTestExecutionListener@7c588adc, org.springframework.test.context.jdbc.SqlScriptsTestExecutionListener@33ec2c0c, org.springframework.test.context.event.EventPublishingTestExecutionListener@5968800d, org.springframework.boot.test.mock.mockito.ResetMocksTestExecutionListener@3887c7d7, org.springframework.boot.test.autoconfigure.restdocs.RestDocsTestExecutionListener@b1b471, org.springframework.boot.test.autoconfigure.web.client.MockRestServiceServerResetTestExecutionListener@526f6427, org.springframework.boot.test.autoconfigure.web.servlet.MockMvcPrintOnlyOnFailureTestExecutionListener@4f1afe8f, org.springframework.boot.test.autoconfigure.web.servlet.WebDriverTestExecutionListener@492521c4, org.springframework.boot.test.autoconfigure.webservices.client.MockWebServiceServerTestExecutionListener@443a06ad]
2022-05-22 20:17:47.198  WARN 27128 --- [           main] ory$DuplicateJsonObjectContextCustomizer : 

Found multiple occurrences of org.json.JSONObject on the class path:

	jar:file:/C:/Users/%eb%b0%95%ec%9c%a4%ec%a7%84/.m2/repository/com/vaadin/external/google/android-json/0.0.20131108.vaadin1/android-json-0.0.20131108.vaadin1.jar!/org/json/JSONObject.class
	jar:file:/C:/Users/%eb%b0%95%ec%9c%a4%ec%a7%84/.m2/repository/org/json/json/20220320/json-20220320.jar!/org/json/JSONObject.class

You may wish to exclude one of them to ensure predictable runtime behavior

2022-05-22 20:17:48.152  INFO 27128 --- [           main] .b.t.c.SpringBootTestContextBootstrapper : Neither @ContextConfiguration nor @ContextHierarchy found for test class [com.ssafy.vue.Ws04272ApplicationTests], using SpringBootContextLoader
2022-05-22 20:17:48.153  INFO 27128 --- [           main] o.s.t.c.support.AbstractContextLoader    : Could not detect default resource locations for test class [com.ssafy.vue.Ws04272ApplicationTests]: no resource found for suffixes {-context.xml, Context.groovy}.
2022-05-22 20:17:48.153  INFO 27128 --- [           main] t.c.s.AnnotationConfigContextLoaderUtils : Could not detect default configuration classes for test class [com.ssafy.vue.Ws04272ApplicationTests]: Ws04272ApplicationTests does not declare any static, non-private, non-final, nested classes annotated with @Configuration.
2022-05-22 20:17:48.153  INFO 27128 --- [           main] .b.t.c.SpringBootTestContextBootstrapper : Found @SpringBootConfiguration com.ssafy.vue.VueApiApplication for test class com.ssafy.vue.Ws04272ApplicationTests
2022-05-22 20:17:48.154  INFO 27128 --- [           main] .b.t.c.SpringBootTestContextBootstrapper : Loaded default TestExecutionListener class names from location [META-INF/spring.factories]: [org.springframework.boot.test.mock.mockito.MockitoTestExecutionListener, org.springframework.boot.test.mock.mockito.ResetMocksTestExecutionListener, org.springframework.boot.test.autoconfigure.restdocs.RestDocsTestExecutionListener, org.springframework.boot.test.autoconfigure.web.client.MockRestServiceServerResetTestExecutionListener, org.springframework.boot.test.autoconfigure.web.servlet.MockMvcPrintOnlyOnFailureTestExecutionListener, org.springframework.boot.test.autoconfigure.web.servlet.WebDriverTestExecutionListener, org.springframework.boot.test.autoconfigure.webservices.client.MockWebServiceServerTestExecutionListener, org.springframework.test.context.web.ServletTestExecutionListener, org.springframework.test.context.support.DirtiesContextBeforeModesTestExecutionListener, org.springframework.test.context.event.ApplicationEventsTestExecutionListener, org.springframework.test.context.support.DependencyInjectionTestExecutionListener, org.springframework.test.context.support.DirtiesContextTestExecutionListener, org.springframework.test.context.transaction.TransactionalTestExecutionListener, org.springframework.test.context.jdbc.SqlScriptsTestExecutionListener, org.springframework.test.context.event.EventPublishingTestExecutionListener]
2022-05-22 20:17:48.154  INFO 27128 --- [           main] .b.t.c.SpringBootTestContextBootstrapper : Using TestExecutionListeners: [org.springframework.test.context.web.ServletTestExecutionListener@5e541ef9, org.springframework.test.context.support.DirtiesContextBeforeModesTestExecutionListener@38054d01, org.springframework.test.context.event.ApplicationEventsTestExecutionListener@28ce75ec, org.springframework.boot.test.mock.mockito.MockitoTestExecutionListener@778113f2, org.springframework.boot.test.autoconfigure.SpringBootDependencyInjectionTestExecutionListener@9dc782d, org.springframework.test.context.support.DirtiesContextTestExecutionListener@1ba35152, org.springframework.test.context.transaction.TransactionalTestExecutionListener@401926df, org.springframework.test.context.jdbc.SqlScriptsTestExecutionListener@3ff8a3ad, org.springframework.test.context.event.EventPublishingTestExecutionListener@550fa96f, org.springframework.boot.test.mock.mockito.ResetMocksTestExecutionListener@54275b5d, org.springframework.boot.test.autoconfigure.restdocs.RestDocsTestExecutionListener@5d01b0d8, org.springframework.boot.test.autoconfigure.web.client.MockRestServiceServerResetTestExecutionListener@271e851e, org.springframework.boot.test.autoconfigure.web.servlet.MockMvcPrintOnlyOnFailureTestExecutionListener@ff21443, org.springframework.boot.test.autoconfigure.web.servlet.WebDriverTestExecutionListener@61e14b53, org.springframework.boot.test.autoconfigure.webservices.client.MockWebServiceServerTestExecutionListener@31b6b0c7]
2022-05-22 20:17:48.158  INFO 27128 --- [           main] .b.t.c.SpringBootTestContextBootstrapper : Neither @ContextConfiguration nor @ContextHierarchy found for test class [com.ssafy.vue.VueApiApplicationTests], using SpringBootContextLoader
2022-05-22 20:17:48.159  INFO 27128 --- [           main] o.s.t.c.support.AbstractContextLoader    : Could not detect default resource locations for test class [com.ssafy.vue.VueApiApplicationTests]: no resource found for suffixes {-context.xml, Context.groovy}.
2022-05-22 20:17:48.159  INFO 27128 --- [           main] t.c.s.AnnotationConfigContextLoaderUtils : Could not detect default configuration classes for test class [com.ssafy.vue.VueApiApplicationTests]: VueApiApplicationTests does not declare any static, non-private, non-final, nested classes annotated with @Configuration.
2022-05-22 20:17:48.159  INFO 27128 --- [           main] .b.t.c.SpringBootTestContextBootstrapper : Found @SpringBootConfiguration com.ssafy.vue.VueApiApplication for test class com.ssafy.vue.VueApiApplicationTests
2022-05-22 20:17:48.160  INFO 27128 --- [           main] .b.t.c.SpringBootTestContextBootstrapper : Loaded default TestExecutionListener class names from location [META-INF/spring.factories]: [org.springframework.boot.test.mock.mockito.MockitoTestExecutionListener, org.springframework.boot.test.mock.mockito.ResetMocksTestExecutionListener, org.springframework.boot.test.autoconfigure.restdocs.RestDocsTestExecutionListener, org.springframework.boot.test.autoconfigure.web.client.MockRestServiceServerResetTestExecutionListener, org.springframework.boot.test.autoconfigure.web.servlet.MockMvcPrintOnlyOnFailureTestExecutionListener, org.springframework.boot.test.autoconfigure.web.servlet.WebDriverTestExecutionListener, org.springframework.boot.test.autoconfigure.webservices.client.MockWebServiceServerTestExecutionListener, org.springframework.test.context.web.ServletTestExecutionListener, org.springframework.test.context.support.DirtiesContextBeforeModesTestExecutionListener, org.springframework.test.context.event.ApplicationEventsTestExecutionListener, org.springframework.test.context.support.DependencyInjectionTestExecutionListener, org.springframework.test.context.support.DirtiesContextTestExecutionListener, org.springframework.test.context.transaction.TransactionalTestExecutionListener, org.springframework.test.context.jdbc.SqlScriptsTestExecutionListener, org.springframework.test.context.event.EventPublishingTestExecutionListener]
2022-05-22 20:17:48.160  INFO 27128 --- [           main] .b.t.c.SpringBootTestContextBootstrapper : Using TestExecutionListeners: [org.springframework.test.context.web.ServletTestExecutionListener@6253e59a, org.springframework.test.context.support.DirtiesContextBeforeModesTestExecutionListener@7d1cb59f, org.springframework.test.context.event.ApplicationEventsTestExecutionListener@16ccd2bc, org.springframework.boot.test.mock.mockito.MockitoTestExecutionListener@12f8682a, org.springframework.boot.test.autoconfigure.SpringBootDependencyInjectionTestExecutionListener@6f7a20da, org.springframework.test.context.support.DirtiesContextTestExecutionListener@7752c0e7, org.springframework.test.context.transaction.TransactionalTestExecutionListener@77ba583, org.springframework.test.context.jdbc.SqlScriptsTestExecutionListener@5613247e, org.springframework.test.context.event.EventPublishingTestExecutionListener@6851b296, org.springframework.boot.test.mock.mockito.ResetMocksTestExecutionListener@9e50283, org.springframework.boot.test.autoconfigure.restdocs.RestDocsTestExecutionListener@5368e981, org.springframework.boot.test.autoconfigure.web.client.MockRestServiceServerResetTestExecutionListener@1c171746, org.springframework.boot.test.autoconfigure.web.servlet.MockMvcPrintOnlyOnFailureTestExecutionListener@79b7c350, org.springframework.boot.test.autoconfigure.web.servlet.WebDriverTestExecutionListener@586737ff, org.springframework.boot.test.autoconfigure.webservices.client.MockWebServiceServerTestExecutionListener@4cd7e993]
2022-05-22 20:18:01.745  INFO   --- [           main] .b.t.c.SpringBootTestContextBootstrapper : Neither @ContextConfiguration nor @ContextHierarchy found for test class [com.ssafy.happyhouse.VueBackendApplicationTests], using SpringBootContextLoader
2022-05-22 20:18:01.749  INFO   --- [           main] o.s.t.c.support.AbstractContextLoader    : Could not detect default resource locations for test class [com.ssafy.happyhouse.VueBackendApplicationTests]: no resource found for suffixes {-context.xml, Context.groovy}.
2022-05-22 20:18:01.750  INFO   --- [           main] t.c.s.AnnotationConfigContextLoaderUtils : Could not detect default configuration classes for test class [com.ssafy.happyhouse.VueBackendApplicationTests]: VueBackendApplicationTests does not declare any static, non-private, non-final, nested classes annotated with @Configuration.
2022-05-22 20:18:01.808  INFO   --- [           main] .b.t.c.SpringBootTestContextBootstrapper : Found @SpringBootConfiguration com.ssafy.happyhouse.VueBackendApplication for test class com.ssafy.happyhouse.VueBackendApplicationTests
2022-05-22 20:18:01.868  INFO   --- [           main] .b.t.c.SpringBootTestContextBootstrapper : Loaded default TestExecutionListener class names from location [META-INF/spring.factories]: [org.springframework.boot.test.mock.mockito.MockitoTestExecutionListener, org.springframework.boot.test.mock.mockito.ResetMocksTestExecutionListener, org.springframework.boot.test.autoconfigure.restdocs.RestDocsTestExecutionListener, org.springframework.boot.test.autoconfigure.web.client.MockRestServiceServerResetTestExecutionListener, org.springframework.boot.test.autoconfigure.web.servlet.MockMvcPrintOnlyOnFailureTestExecutionListener, org.springframework.boot.test.autoconfigure.web.servlet.WebDriverTestExecutionListener, org.springframework.boot.test.autoconfigure.webservices.client.MockWebServiceServerTestExecutionListener, org.springframework.test.context.web.ServletTestExecutionListener, org.springframework.test.context.support.DirtiesContextBeforeModesTestExecutionListener, org.springframework.test.context.event.ApplicationEventsTestExecutionListener, org.springframework.test.context.support.DependencyInjectionTestExecutionListener, org.springframework.test.context.support.DirtiesContextTestExecutionListener, org.springframework.test.context.transaction.TransactionalTestExecutionListener, org.springframework.test.context.jdbc.SqlScriptsTestExecutionListener, org.springframework.test.context.event.EventPublishingTestExecutionListener]
2022-05-22 20:18:01.877  INFO   --- [           main] .b.t.c.SpringBootTestContextBootstrapper : Using TestExecutionListeners: [org.springframework.test.context.web.ServletTestExecutionListener@1e13529a, org.springframework.test.context.support.DirtiesContextBeforeModesTestExecutionListener@1ec9bd38, org.springframework.test.context.event.ApplicationEventsTestExecutionListener@452e19ca, org.springframework.boot.test.mock.mockito.MockitoTestExecutionListener@6b0d80ed, org.springframework.boot.test.autoconfigure.SpringBootDependencyInjectionTestExecutionListener@6f8e8894, org.springframework.test.context.support.DirtiesContextTestExecutionListener@3cfdd820, org.springframework.test.context.transaction.TransactionalTestExecutionListener@928763c, org.springframework.test.context.jdbc.SqlScriptsTestExecutionListener@e25951c, org.springframework.test.context.event.EventPublishingTestExecutionListener@15f47664, org.springframework.boot.test.mock.mockito.ResetMocksTestExecutionListener@471a9022, org.springframework.boot.test.autoconfigure.restdocs.RestDocsTestExecutionListener@dc9876b, org.springframework.boot.test.autoconfigure.web.client.MockRestServiceServerResetTestExecutionListener@2f666ebb, org.springframework.boot.test.autoconfigure.web.servlet.MockMvcPrintOnlyOnFailureTestExecutionListener@19976a65, org.springframework.boot.test.autoconfigure.web.servlet.WebDriverTestExecutionListener@a1f72f5, org.springframework.boot.test.autoconfigure.webservices.client.MockWebServiceServerTestExecutionListener@4b2c5e02]
2022-05-22 20:18:02.046  WARN 8424 --- [           main] ory$DuplicateJsonObjectContextCustomizer : 

Found multiple occurrences of org.json.JSONObject on the class path:

	jar:file:/C:/Users/%eb%b0%95%ec%9c%a4%ec%a7%84/.m2/repository/com/vaadin/external/google/android-json/0.0.20131108.vaadin1/android-json-0.0.20131108.vaadin1.jar!/org/json/JSONObject.class
	jar:file:/C:/Users/%eb%b0%95%ec%9c%a4%ec%a7%84/.m2/repository/org/json/json/20220320/json-20220320.jar!/org/json/JSONObject.class

You may wish to exclude one of them to ensure predictable runtime behavior

2022-05-22 20:18:02.533  WARN 8424 --- [           main] o.m.s.mapper.ClassPathMapperScanner      : No MyBatis mapper was found in '[com.ssafy.happyhouse]' package. Please check your configuration.
2022-05-22 20:18:03.877  INFO 8424 --- [           main] .b.t.c.SpringBootTestContextBootstrapper : Neither @ContextConfiguration nor @ContextHierarchy found for test class [com.ssafy.vue.QNATest], using SpringBootContextLoader
2022-05-22 20:18:03.879  INFO 8424 --- [           main] o.s.t.c.support.AbstractContextLoader    : Could not detect default resource locations for test class [com.ssafy.vue.QNATest]: no resource found for suffixes {-context.xml, Context.groovy}.
2022-05-22 20:18:03.879  INFO 8424 --- [           main] t.c.s.AnnotationConfigContextLoaderUtils : Could not detect default configuration classes for test class [com.ssafy.vue.QNATest]: QNATest does not declare any static, non-private, non-final, nested classes annotated with @Configuration.
2022-05-22 20:18:03.881  INFO 8424 --- [           main] .b.t.c.SpringBootTestContextBootstrapper : Found @SpringBootConfiguration com.ssafy.vue.VueApiApplication for test class com.ssafy.vue.QNATest
2022-05-22 20:18:03.882  INFO 8424 --- [           main] .b.t.c.SpringBootTestContextBootstrapper : Loaded default TestExecutionListener class names from location [META-INF/spring.factories]: [org.springframework.boot.test.mock.mockito.MockitoTestExecutionListener, org.springframework.boot.test.mock.mockito.ResetMocksTestExecutionListener, org.springframework.boot.test.autoconfigure.restdocs.RestDocsTestExecutionListener, org.springframework.boot.test.autoconfigure.web.client.MockRestServiceServerResetTestExecutionListener, org.springframework.boot.test.autoconfigure.web.servlet.MockMvcPrintOnlyOnFailureTestExecutionListener, org.springframework.boot.test.autoconfigure.web.servlet.WebDriverTestExecutionListener, org.springframework.boot.test.autoconfigure.webservices.client.MockWebServiceServerTestExecutionListener, org.springframework.test.context.web.ServletTestExecutionListener, org.springframework.test.context.support.DirtiesContextBeforeModesTestExecutionListener, org.springframework.test.context.event.ApplicationEventsTestExecutionListener, org.springframework.test.context.support.DependencyInjectionTestExecutionListener, org.springframework.test.context.support.DirtiesContextTestExecutionListener, org.springframework.test.context.transaction.TransactionalTestExecutionListener, org.springframework.test.context.jdbc.SqlScriptsTestExecutionListener, org.springframework.test.context.event.EventPublishingTestExecutionListener]
2022-05-22 20:18:03.882  INFO 8424 --- [           main] .b.t.c.SpringBootTestContextBootstrapper : Using TestExecutionListeners: [org.springframework.test.context.web.ServletTestExecutionListener@1e226bcd, org.springframework.test.context.support.DirtiesContextBeforeModesTestExecutionListener@2a8dd942, org.springframework.test.context.event.ApplicationEventsTestExecutionListener@2322e56f, org.springframework.boot.test.mock.mockito.MockitoTestExecutionListener@35025a0a, org.springframework.boot.test.autoconfigure.SpringBootDependencyInjectionTestExecutionListener@38732364, org.springframework.test.context.support.DirtiesContextTestExecutionListener@7c70aae1, org.springframework.test.context.transaction.TransactionalTestExecutionListener@48cd319d, org.springframework.test.context.jdbc.SqlScriptsTestExecutionListener@6f38f084, org.springframework.test.context.event.EventPublishingTestExecutionListener@4ef18604, org.springframework.boot.test.mock.mockito.ResetMocksTestExecutionListener@372f0a99, org.springframework.boot.test.autoconfigure.restdocs.RestDocsTestExecutionListener@16cf8438, org.springframework.boot.test.autoconfigure.web.client.MockRestServiceServerResetTestExecutionListener@3e5beab5, org.springframework.boot.test.autoconfigure.web.servlet.MockMvcPrintOnlyOnFailureTestExecutionListener@7c588adc, org.springframework.boot.test.autoconfigure.web.servlet.WebDriverTestExecutionListener@33ec2c0c, org.springframework.boot.test.autoconfigure.webservices.client.MockWebServiceServerTestExecutionListener@5968800d]
2022-05-22 20:18:03.896  WARN 8424 --- [           main] ory$DuplicateJsonObjectContextCustomizer : 

Found multiple occurrences of org.json.JSONObject on the class path:

	jar:file:/C:/Users/%eb%b0%95%ec%9c%a4%ec%a7%84/.m2/repository/com/vaadin/external/google/android-json/0.0.20131108.vaadin1/android-json-0.0.20131108.vaadin1.jar!/org/json/JSONObject.class
	jar:file:/C:/Users/%eb%b0%95%ec%9c%a4%ec%a7%84/.m2/repository/org/json/json/20220320/json-20220320.jar!/org/json/JSONObject.class

You may wish to exclude one of them to ensure predictable runtime behavior

2022-05-22 20:18:04.845  INFO 8424 --- [           main] .b.t.c.SpringBootTestContextBootstrapper : Neither @ContextConfiguration nor @ContextHierarchy found for test class [com.ssafy.vue.Ws04272ApplicationTests], using SpringBootContextLoader
2022-05-22 20:18:04.845  INFO 8424 --- [           main] o.s.t.c.support.AbstractContextLoader    : Could not detect default resource locations for test class [com.ssafy.vue.Ws04272ApplicationTests]: no resource found for suffixes {-context.xml, Context.groovy}.
2022-05-22 20:18:04.846  INFO 8424 --- [           main] t.c.s.AnnotationConfigContextLoaderUtils : Could not detect default configuration classes for test class [com.ssafy.vue.Ws04272ApplicationTests]: Ws04272ApplicationTests does not declare any static, non-private, non-final, nested classes annotated with @Configuration.
2022-05-22 20:18:04.846  INFO 8424 --- [           main] .b.t.c.SpringBootTestContextBootstrapper : Found @SpringBootConfiguration com.ssafy.vue.VueApiApplication for test class com.ssafy.vue.Ws04272ApplicationTests
2022-05-22 20:18:04.847  INFO 8424 --- [           main] .b.t.c.SpringBootTestContextBootstrapper : Loaded default TestExecutionListener class names from location [META-INF/spring.factories]: [org.springframework.boot.test.mock.mockito.MockitoTestExecutionListener, org.springframework.boot.test.mock.mockito.ResetMocksTestExecutionListener, org.springframework.boot.test.autoconfigure.restdocs.RestDocsTestExecutionListener, org.springframework.boot.test.autoconfigure.web.client.MockRestServiceServerResetTestExecutionListener, org.springframework.boot.test.autoconfigure.web.servlet.MockMvcPrintOnlyOnFailureTestExecutionListener, org.springframework.boot.test.autoconfigure.web.servlet.WebDriverTestExecutionListener, org.springframework.boot.test.autoconfigure.webservices.client.MockWebServiceServerTestExecutionListener, org.springframework.test.context.web.ServletTestExecutionListener, org.springframework.test.context.support.DirtiesContextBeforeModesTestExecutionListener, org.springframework.test.context.event.ApplicationEventsTestExecutionListener, org.springframework.test.context.support.DependencyInjectionTestExecutionListener, org.springframework.test.context.support.DirtiesContextTestExecutionListener, org.springframework.test.context.transaction.TransactionalTestExecutionListener, org.springframework.test.context.jdbc.SqlScriptsTestExecutionListener, org.springframework.test.context.event.EventPublishingTestExecutionListener]
2022-05-22 20:18:04.847  INFO 8424 --- [           main] .b.t.c.SpringBootTestContextBootstrapper : Using TestExecutionListeners: [org.springframework.test.context.web.ServletTestExecutionListener@1760e594, org.springframework.test.context.support.DirtiesContextBeforeModesTestExecutionListener@4af70b83, org.springframework.test.context.event.ApplicationEventsTestExecutionListener@143413cd, org.springframework.boot.test.mock.mockito.MockitoTestExecutionListener@4b32465, org.springframework.boot.test.autoconfigure.SpringBootDependencyInjectionTestExecutionListener@146f3d22, org.springframework.test.context.support.DirtiesContextTestExecutionListener@66b6873f, org.springframework.test.context.transaction.TransactionalTestExecutionListener@52285a5f, org.springframework.test.context.jdbc.SqlScriptsTestExecutionListener@4fa5cc73, org.springframework.test.context.event.EventPublishingTestExecutionListener@224e6e88, org.springframework.boot.test.mock.mockito.ResetMocksTestExecutionListener@70139a81, org.springframework.boot.test.autoconfigure.restdocs.RestDocsTestExecutionListener@60f9dc7e, org.springframework.boot.test.autoconfigure.web.client.MockRestServiceServerResetTestExecutionListener@15e5246, org.springframework.boot.test.autoconfigure.web.servlet.MockMvcPrintOnlyOnFailureTestExecutionListener@503556cb, org.springframework.boot.test.autoconfigure.web.servlet.WebDriverTestExecutionListener@3c9e19de, org.springframework.boot.test.autoconfigure.webservices.client.MockWebServiceServerTestExecutionListener@12aa381f]
2022-05-22 20:18:04.851  INFO 8424 --- [           main] .b.t.c.SpringBootTestContextBootstrapper : Neither @ContextConfiguration nor @ContextHierarchy found for test class [com.ssafy.vue.VueApiApplicationTests], using SpringBootContextLoader
2022-05-22 20:18:04.852  INFO 8424 --- [           main] o.s.t.c.support.AbstractContextLoader    : Could not detect default resource locations for test class [com.ssafy.vue.VueApiApplicationTests]: no resource found for suffixes {-context.xml, Context.groovy}.
2022-05-22 20:18:04.852  INFO 8424 --- [           main] t.c.s.AnnotationConfigContextLoaderUtils : Could not detect default configuration classes for test class [com.ssafy.vue.VueApiApplicationTests]: VueApiApplicationTests does not declare any static, non-private, non-final, nested classes annotated with @Configuration.
2022-05-22 20:18:04.852  INFO 8424 --- [           main] .b.t.c.SpringBootTestContextBootstrapper : Found @SpringBootConfiguration com.ssafy.vue.VueApiApplication for test class com.ssafy.vue.VueApiApplicationTests
2022-05-22 20:18:04.853  INFO 8424 --- [           main] .b.t.c.SpringBootTestContextBootstrapper : Loaded default TestExecutionListener class names from location [META-INF/spring.factories]: [org.springframework.boot.test.mock.mockito.MockitoTestExecutionListener, org.springframework.boot.test.mock.mockito.ResetMocksTestExecutionListener, org.springframework.boot.test.autoconfigure.restdocs.RestDocsTestExecutionListener, org.springframework.boot.test.autoconfigure.web.client.MockRestServiceServerResetTestExecutionListener, org.springframework.boot.test.autoconfigure.web.servlet.MockMvcPrintOnlyOnFailureTestExecutionListener, org.springframework.boot.test.autoconfigure.web.servlet.WebDriverTestExecutionListener, org.springframework.boot.test.autoconfigure.webservices.client.MockWebServiceServerTestExecutionListener, org.springframework.test.context.web.ServletTestExecutionListener, org.springframework.test.context.support.DirtiesContextBeforeModesTestExecutionListener, org.springframework.test.context.event.ApplicationEventsTestExecutionListener, org.springframework.test.context.support.DependencyInjectionTestExecutionListener, org.springframework.test.context.support.DirtiesContextTestExecutionListener, org.springframework.test.context.transaction.TransactionalTestExecutionListener, org.springframework.test.context.jdbc.SqlScriptsTestExecutionListener, org.springframework.test.context.event.EventPublishingTestExecutionListener]
2022-05-22 20:18:04.853  INFO 8424 --- [           main] .b.t.c.SpringBootTestContextBootstrapper : Using TestExecutionListeners: [org.springframework.test.context.web.ServletTestExecutionListener@6115846e, org.springframework.test.context.support.DirtiesContextBeforeModesTestExecutionListener@1bec1589, org.springframework.test.context.event.ApplicationEventsTestExecutionListener@57f0bfc3, org.springframework.boot.test.mock.mockito.MockitoTestExecutionListener@14590fe2, org.springframework.boot.test.autoconfigure.SpringBootDependencyInjectionTestExecutionListener@5922cff3, org.springframework.test.context.support.DirtiesContextTestExecutionListener@2299d903, org.springframework.test.context.transaction.TransactionalTestExecutionListener@70c56434, org.springframework.test.context.jdbc.SqlScriptsTestExecutionListener@2c3f43d1, org.springframework.test.context.event.EventPublishingTestExecutionListener@632d4cf2, org.springframework.boot.test.mock.mockito.ResetMocksTestExecutionListener@f10d055, org.springframework.boot.test.autoconfigure.restdocs.RestDocsTestExecutionListener@542ff147, org.springframework.boot.test.autoconfigure.web.client.MockRestServiceServerResetTestExecutionListener@2d801d8, org.springframework.boot.test.autoconfigure.web.servlet.MockMvcPrintOnlyOnFailureTestExecutionListener@b9b97ad, org.springframework.boot.test.autoconfigure.web.servlet.WebDriverTestExecutionListener@2807cf3, org.springframework.boot.test.autoconfigure.webservices.client.MockWebServiceServerTestExecutionListener@298e002d]
2022-05-22 20:18:42.965  INFO   --- [           main] .b.t.c.SpringBootTestContextBootstrapper : Neither @ContextConfiguration nor @ContextHierarchy found for test class [com.ssafy.happyhouse.VueBackendApplicationTests], using SpringBootContextLoader
2022-05-22 20:18:42.970  INFO   --- [           main] o.s.t.c.support.AbstractContextLoader    : Could not detect default resource locations for test class [com.ssafy.happyhouse.VueBackendApplicationTests]: no resource found for suffixes {-context.xml, Context.groovy}.
2022-05-22 20:18:42.971  INFO   --- [           main] t.c.s.AnnotationConfigContextLoaderUtils : Could not detect default configuration classes for test class [com.ssafy.happyhouse.VueBackendApplicationTests]: VueBackendApplicationTests does not declare any static, non-private, non-final, nested classes annotated with @Configuration.
2022-05-22 20:18:43.034  INFO   --- [           main] .b.t.c.SpringBootTestContextBootstrapper : Found @SpringBootConfiguration com.ssafy.happyhouse.VueBackendApplication for test class com.ssafy.happyhouse.VueBackendApplicationTests
2022-05-22 20:18:43.100  INFO   --- [           main] .b.t.c.SpringBootTestContextBootstrapper : Loaded default TestExecutionListener class names from location [META-INF/spring.factories]: [org.springframework.boot.test.mock.mockito.MockitoTestExecutionListener, org.springframework.boot.test.mock.mockito.ResetMocksTestExecutionListener, org.springframework.boot.test.autoconfigure.restdocs.RestDocsTestExecutionListener, org.springframework.boot.test.autoconfigure.web.client.MockRestServiceServerResetTestExecutionListener, org.springframework.boot.test.autoconfigure.web.servlet.MockMvcPrintOnlyOnFailureTestExecutionListener, org.springframework.boot.test.autoconfigure.web.servlet.WebDriverTestExecutionListener, org.springframework.boot.test.autoconfigure.webservices.client.MockWebServiceServerTestExecutionListener, org.springframework.test.context.web.ServletTestExecutionListener, org.springframework.test.context.support.DirtiesContextBeforeModesTestExecutionListener, org.springframework.test.context.event.ApplicationEventsTestExecutionListener, org.springframework.test.context.support.DependencyInjectionTestExecutionListener, org.springframework.test.context.support.DirtiesContextTestExecutionListener, org.springframework.test.context.transaction.TransactionalTestExecutionListener, org.springframework.test.context.jdbc.SqlScriptsTestExecutionListener, org.springframework.test.context.event.EventPublishingTestExecutionListener]
2022-05-22 20:18:43.109  INFO   --- [           main] .b.t.c.SpringBootTestContextBootstrapper : Using TestExecutionListeners: [org.springframework.test.context.web.ServletTestExecutionListener@1e13529a, org.springframework.test.context.support.DirtiesContextBeforeModesTestExecutionListener@1ec9bd38, org.springframework.test.context.event.ApplicationEventsTestExecutionListener@452e19ca, org.springframework.boot.test.mock.mockito.MockitoTestExecutionListener@6b0d80ed, org.springframework.boot.test.autoconfigure.SpringBootDependencyInjectionTestExecutionListener@6f8e8894, org.springframework.test.context.support.DirtiesContextTestExecutionListener@3cfdd820, org.springframework.test.context.transaction.TransactionalTestExecutionListener@928763c, org.springframework.test.context.jdbc.SqlScriptsTestExecutionListener@e25951c, org.springframework.test.context.event.EventPublishingTestExecutionListener@15f47664, org.springframework.boot.test.mock.mockito.ResetMocksTestExecutionListener@471a9022, org.springframework.boot.test.autoconfigure.restdocs.RestDocsTestExecutionListener@dc9876b, org.springframework.boot.test.autoconfigure.web.client.MockRestServiceServerResetTestExecutionListener@2f666ebb, org.springframework.boot.test.autoconfigure.web.servlet.MockMvcPrintOnlyOnFailureTestExecutionListener@19976a65, org.springframework.boot.test.autoconfigure.web.servlet.WebDriverTestExecutionListener@a1f72f5, org.springframework.boot.test.autoconfigure.webservices.client.MockWebServiceServerTestExecutionListener@4b2c5e02]
2022-05-22 20:18:43.263  WARN 25496 --- [           main] ory$DuplicateJsonObjectContextCustomizer : 

Found multiple occurrences of org.json.JSONObject on the class path:

	jar:file:/C:/Users/%eb%b0%95%ec%9c%a4%ec%a7%84/.m2/repository/com/vaadin/external/google/android-json/0.0.20131108.vaadin1/android-json-0.0.20131108.vaadin1.jar!/org/json/JSONObject.class
	jar:file:/C:/Users/%eb%b0%95%ec%9c%a4%ec%a7%84/.m2/repository/org/json/json/20220320/json-20220320.jar!/org/json/JSONObject.class

You may wish to exclude one of them to ensure predictable runtime behavior

2022-05-22 20:18:43.802  WARN 25496 --- [           main] o.m.s.mapper.ClassPathMapperScanner      : No MyBatis mapper was found in '[com.ssafy.happyhouse]' package. Please check your configuration.
2022-05-22 20:18:45.195  INFO 25496 --- [           main] .b.t.c.SpringBootTestContextBootstrapper : Neither @ContextConfiguration nor @ContextHierarchy found for test class [com.ssafy.vue.QNATest], using SpringBootContextLoader
2022-05-22 20:18:45.197  INFO 25496 --- [           main] o.s.t.c.support.AbstractContextLoader    : Could not detect default resource locations for test class [com.ssafy.vue.QNATest]: no resource found for suffixes {-context.xml, Context.groovy}.
2022-05-22 20:18:45.197  INFO 25496 --- [           main] t.c.s.AnnotationConfigContextLoaderUtils : Could not detect default configuration classes for test class [com.ssafy.vue.QNATest]: QNATest does not declare any static, non-private, non-final, nested classes annotated with @Configuration.
2022-05-22 20:18:45.199  INFO 25496 --- [           main] .b.t.c.SpringBootTestContextBootstrapper : Found @SpringBootConfiguration com.ssafy.vue.VueApiApplication for test class com.ssafy.vue.QNATest
2022-05-22 20:18:45.201  INFO 25496 --- [           main] .b.t.c.SpringBootTestContextBootstrapper : Loaded default TestExecutionListener class names from location [META-INF/spring.factories]: [org.springframework.boot.test.mock.mockito.MockitoTestExecutionListener, org.springframework.boot.test.mock.mockito.ResetMocksTestExecutionListener, org.springframework.boot.test.autoconfigure.restdocs.RestDocsTestExecutionListener, org.springframework.boot.test.autoconfigure.web.client.MockRestServiceServerResetTestExecutionListener, org.springframework.boot.test.autoconfigure.web.servlet.MockMvcPrintOnlyOnFailureTestExecutionListener, org.springframework.boot.test.autoconfigure.web.servlet.WebDriverTestExecutionListener, org.springframework.boot.test.autoconfigure.webservices.client.MockWebServiceServerTestExecutionListener, org.springframework.test.context.web.ServletTestExecutionListener, org.springframework.test.context.support.DirtiesContextBeforeModesTestExecutionListener, org.springframework.test.context.event.ApplicationEventsTestExecutionListener, org.springframework.test.context.support.DependencyInjectionTestExecutionListener, org.springframework.test.context.support.DirtiesContextTestExecutionListener, org.springframework.test.context.transaction.TransactionalTestExecutionListener, org.springframework.test.context.jdbc.SqlScriptsTestExecutionListener, org.springframework.test.context.event.EventPublishingTestExecutionListener]
2022-05-22 20:18:45.201  INFO 25496 --- [           main] .b.t.c.SpringBootTestContextBootstrapper : Using TestExecutionListeners: [org.springframework.test.context.web.ServletTestExecutionListener@48cd319d, org.springframework.test.context.support.DirtiesContextBeforeModesTestExecutionListener@6f38f084, org.springframework.test.context.event.ApplicationEventsTestExecutionListener@4ef18604, org.springframework.boot.test.mock.mockito.MockitoTestExecutionListener@372f0a99, org.springframework.boot.test.autoconfigure.SpringBootDependencyInjectionTestExecutionListener@16cf8438, org.springframework.test.context.support.DirtiesContextTestExecutionListener@3e5beab5, org.springframework.test.context.transaction.TransactionalTestExecutionListener@7c588adc, org.springframework.test.context.jdbc.SqlScriptsTestExecutionListener@33ec2c0c, org.springframework.test.context.event.EventPublishingTestExecutionListener@5968800d, org.springframework.boot.test.mock.mockito.ResetMocksTestExecutionListener@3887c7d7, org.springframework.boot.test.autoconfigure.restdocs.RestDocsTestExecutionListener@b1b471, org.springframework.boot.test.autoconfigure.web.client.MockRestServiceServerResetTestExecutionListener@526f6427, org.springframework.boot.test.autoconfigure.web.servlet.MockMvcPrintOnlyOnFailureTestExecutionListener@4f1afe8f, org.springframework.boot.test.autoconfigure.web.servlet.WebDriverTestExecutionListener@492521c4, org.springframework.boot.test.autoconfigure.webservices.client.MockWebServiceServerTestExecutionListener@443a06ad]
2022-05-22 20:18:45.213  WARN 25496 --- [           main] ory$DuplicateJsonObjectContextCustomizer : 

Found multiple occurrences of org.json.JSONObject on the class path:

	jar:file:/C:/Users/%eb%b0%95%ec%9c%a4%ec%a7%84/.m2/repository/com/vaadin/external/google/android-json/0.0.20131108.vaadin1/android-json-0.0.20131108.vaadin1.jar!/org/json/JSONObject.class
	jar:file:/C:/Users/%eb%b0%95%ec%9c%a4%ec%a7%84/.m2/repository/org/json/json/20220320/json-20220320.jar!/org/json/JSONObject.class

You may wish to exclude one of them to ensure predictable runtime behavior

2022-05-22 20:18:46.295  INFO 25496 --- [           main] .b.t.c.SpringBootTestContextBootstrapper : Neither @ContextConfiguration nor @ContextHierarchy found for test class [com.ssafy.vue.Ws04272ApplicationTests], using SpringBootContextLoader
2022-05-22 20:18:46.296  INFO 25496 --- [           main] o.s.t.c.support.AbstractContextLoader    : Could not detect default resource locations for test class [com.ssafy.vue.Ws04272ApplicationTests]: no resource found for suffixes {-context.xml, Context.groovy}.
2022-05-22 20:18:46.296  INFO 25496 --- [           main] t.c.s.AnnotationConfigContextLoaderUtils : Could not detect default configuration classes for test class [com.ssafy.vue.Ws04272ApplicationTests]: Ws04272ApplicationTests does not declare any static, non-private, non-final, nested classes annotated with @Configuration.
2022-05-22 20:18:46.296  INFO 25496 --- [           main] .b.t.c.SpringBootTestContextBootstrapper : Found @SpringBootConfiguration com.ssafy.vue.VueApiApplication for test class com.ssafy.vue.Ws04272ApplicationTests
2022-05-22 20:18:46.297  INFO 25496 --- [           main] .b.t.c.SpringBootTestContextBootstrapper : Loaded default TestExecutionListener class names from location [META-INF/spring.factories]: [org.springframework.boot.test.mock.mockito.MockitoTestExecutionListener, org.springframework.boot.test.mock.mockito.ResetMocksTestExecutionListener, org.springframework.boot.test.autoconfigure.restdocs.RestDocsTestExecutionListener, org.springframework.boot.test.autoconfigure.web.client.MockRestServiceServerResetTestExecutionListener, org.springframework.boot.test.autoconfigure.web.servlet.MockMvcPrintOnlyOnFailureTestExecutionListener, org.springframework.boot.test.autoconfigure.web.servlet.WebDriverTestExecutionListener, org.springframework.boot.test.autoconfigure.webservices.client.MockWebServiceServerTestExecutionListener, org.springframework.test.context.web.ServletTestExecutionListener, org.springframework.test.context.support.DirtiesContextBeforeModesTestExecutionListener, org.springframework.test.context.event.ApplicationEventsTestExecutionListener, org.springframework.test.context.support.DependencyInjectionTestExecutionListener, org.springframework.test.context.support.DirtiesContextTestExecutionListener, org.springframework.test.context.transaction.TransactionalTestExecutionListener, org.springframework.test.context.jdbc.SqlScriptsTestExecutionListener, org.springframework.test.context.event.EventPublishingTestExecutionListener]
2022-05-22 20:18:46.297  INFO 25496 --- [           main] .b.t.c.SpringBootTestContextBootstrapper : Using TestExecutionListeners: [org.springframework.test.context.web.ServletTestExecutionListener@5e541ef9, org.springframework.test.context.support.DirtiesContextBeforeModesTestExecutionListener@38054d01, org.springframework.test.context.event.ApplicationEventsTestExecutionListener@28ce75ec, org.springframework.boot.test.mock.mockito.MockitoTestExecutionListener@778113f2, org.springframework.boot.test.autoconfigure.SpringBootDependencyInjectionTestExecutionListener@9dc782d, org.springframework.test.context.support.DirtiesContextTestExecutionListener@1ba35152, org.springframework.test.context.transaction.TransactionalTestExecutionListener@401926df, org.springframework.test.context.jdbc.SqlScriptsTestExecutionListener@3ff8a3ad, org.springframework.test.context.event.EventPublishingTestExecutionListener@550fa96f, org.springframework.boot.test.mock.mockito.ResetMocksTestExecutionListener@54275b5d, org.springframework.boot.test.autoconfigure.restdocs.RestDocsTestExecutionListener@5d01b0d8, org.springframework.boot.test.autoconfigure.web.client.MockRestServiceServerResetTestExecutionListener@271e851e, org.springframework.boot.test.autoconfigure.web.servlet.MockMvcPrintOnlyOnFailureTestExecutionListener@ff21443, org.springframework.boot.test.autoconfigure.web.servlet.WebDriverTestExecutionListener@61e14b53, org.springframework.boot.test.autoconfigure.webservices.client.MockWebServiceServerTestExecutionListener@31b6b0c7]
2022-05-22 20:18:46.301  INFO 25496 --- [           main] .b.t.c.SpringBootTestContextBootstrapper : Neither @ContextConfiguration nor @ContextHierarchy found for test class [com.ssafy.vue.VueApiApplicationTests], using SpringBootContextLoader
2022-05-22 20:18:46.301  INFO 25496 --- [           main] o.s.t.c.support.AbstractContextLoader    : Could not detect default resource locations for test class [com.ssafy.vue.VueApiApplicationTests]: no resource found for suffixes {-context.xml, Context.groovy}.
2022-05-22 20:18:46.301  INFO 25496 --- [           main] t.c.s.AnnotationConfigContextLoaderUtils : Could not detect default configuration classes for test class [com.ssafy.vue.VueApiApplicationTests]: VueApiApplicationTests does not declare any static, non-private, non-final, nested classes annotated with @Configuration.
2022-05-22 20:18:46.302  INFO 25496 --- [           main] .b.t.c.SpringBootTestContextBootstrapper : Found @SpringBootConfiguration com.ssafy.vue.VueApiApplication for test class com.ssafy.vue.VueApiApplicationTests
2022-05-22 20:18:46.302  INFO 25496 --- [           main] .b.t.c.SpringBootTestContextBootstrapper : Loaded default TestExecutionListener class names from location [META-INF/spring.factories]: [org.springframework.boot.test.mock.mockito.MockitoTestExecutionListener, org.springframework.boot.test.mock.mockito.ResetMocksTestExecutionListener, org.springframework.boot.test.autoconfigure.restdocs.RestDocsTestExecutionListener, org.springframework.boot.test.autoconfigure.web.client.MockRestServiceServerResetTestExecutionListener, org.springframework.boot.test.autoconfigure.web.servlet.MockMvcPrintOnlyOnFailureTestExecutionListener, org.springframework.boot.test.autoconfigure.web.servlet.WebDriverTestExecutionListener, org.springframework.boot.test.autoconfigure.webservices.client.MockWebServiceServerTestExecutionListener, org.springframework.test.context.web.ServletTestExecutionListener, org.springframework.test.context.support.DirtiesContextBeforeModesTestExecutionListener, org.springframework.test.context.event.ApplicationEventsTestExecutionListener, org.springframework.test.context.support.DependencyInjectionTestExecutionListener, org.springframework.test.context.support.DirtiesContextTestExecutionListener, org.springframework.test.context.transaction.TransactionalTestExecutionListener, org.springframework.test.context.jdbc.SqlScriptsTestExecutionListener, org.springframework.test.context.event.EventPublishingTestExecutionListener]
2022-05-22 20:18:46.302  INFO 25496 --- [           main] .b.t.c.SpringBootTestContextBootstrapper : Using TestExecutionListeners: [org.springframework.test.context.web.ServletTestExecutionListener@6253e59a, org.springframework.test.context.support.DirtiesContextBeforeModesTestExecutionListener@7d1cb59f, org.springframework.test.context.event.ApplicationEventsTestExecutionListener@16ccd2bc, org.springframework.boot.test.mock.mockito.MockitoTestExecutionListener@12f8682a, org.springframework.boot.test.autoconfigure.SpringBootDependencyInjectionTestExecutionListener@6f7a20da, org.springframework.test.context.support.DirtiesContextTestExecutionListener@7752c0e7, org.springframework.test.context.transaction.TransactionalTestExecutionListener@77ba583, org.springframework.test.context.jdbc.SqlScriptsTestExecutionListener@5613247e, org.springframework.test.context.event.EventPublishingTestExecutionListener@6851b296, org.springframework.boot.test.mock.mockito.ResetMocksTestExecutionListener@9e50283, org.springframework.boot.test.autoconfigure.restdocs.RestDocsTestExecutionListener@5368e981, org.springframework.boot.test.autoconfigure.web.client.MockRestServiceServerResetTestExecutionListener@1c171746, org.springframework.boot.test.autoconfigure.web.servlet.MockMvcPrintOnlyOnFailureTestExecutionListener@79b7c350, org.springframework.boot.test.autoconfigure.web.servlet.WebDriverTestExecutionListener@586737ff, org.springframework.boot.test.autoconfigure.webservices.client.MockWebServiceServerTestExecutionListener@4cd7e993]
